{"C:\\Users\\Robert Silva\\Documents\\EUERN v1\\Gest-o-de-est-gio\\Front\\src\\App.js": {"path":"C:\\Users\\Robert Silva\\Documents\\EUERN v1\\Gest-o-de-est-gio\\Front\\src\\App.js","statementMap":{"0":{"start":{"line":25,"column":21},"end":{"line":40,"column":1}},"1":{"start":{"line":26,"column":45},"end":{"line":26,"column":54}},"2":{"start":{"line":27,"column":2},"end":{"line":29,"column":3}},"3":{"start":{"line":28,"column":4},"end":{"line":28,"column":222}},"4":{"start":{"line":30,"column":2},"end":{"line":32,"column":3}},"5":{"start":{"line":31,"column":4},"end":{"line":31,"column":44}},"6":{"start":{"line":33,"column":2},"end":{"line":38,"column":3}},"7":{"start":{"line":34,"column":4},"end":{"line":34,"column":69}},"8":{"start":{"line":34,"column":29},"end":{"line":34,"column":69}},"9":{"start":{"line":35,"column":4},"end":{"line":37,"column":5}},"10":{"start":{"line":36,"column":6},"end":{"line":36,"column":104}},"11":{"start":{"line":39,"column":2},"end":{"line":39,"column":18}},"12":{"start":{"line":42,"column":28},"end":{"line":44,"column":1}},"13":{"start":{"line":43,"column":2},"end":{"line":43,"column":158}},"14":{"start":{"line":47,"column":34},"end":{"line":56,"column":1}},"15":{"start":{"line":48,"column":45},"end":{"line":48,"column":54}},"16":{"start":{"line":49,"column":2},"end":{"line":51,"column":3}},"17":{"start":{"line":50,"column":4},"end":{"line":50,"column":222}},"18":{"start":{"line":52,"column":2},"end":{"line":54,"column":3}},"19":{"start":{"line":53,"column":4},"end":{"line":53,"column":44}},"20":{"start":{"line":55,"column":2},"end":{"line":55,"column":102}},"21":{"start":{"line":59,"column":2},"end":{"line":90,"column":4}}},"fnMap":{"0":{"name":"(anonymous_0)","decl":{"start":{"line":25,"column":21},"end":{"line":25,"column":22}},"loc":{"start":{"line":25,"column":53},"end":{"line":40,"column":1}},"line":25},"1":{"name":"(anonymous_1)","decl":{"start":{"line":42,"column":28},"end":{"line":42,"column":29}},"loc":{"start":{"line":43,"column":2},"end":{"line":43,"column":158}},"line":43},"2":{"name":"(anonymous_2)","decl":{"start":{"line":47,"column":34},"end":{"line":47,"column":35}},"loc":{"start":{"line":47,"column":40},"end":{"line":56,"column":1}},"line":47},"3":{"name":"App","decl":{"start":{"line":58,"column":9},"end":{"line":58,"column":12}},"loc":{"start":{"line":58,"column":15},"end":{"line":91,"column":1}},"line":58}},"branchMap":{"0":{"loc":{"start":{"line":27,"column":2},"end":{"line":29,"column":3}},"type":"if","locations":[{"start":{"line":27,"column":2},"end":{"line":29,"column":3}},{"start":{},"end":{}}],"line":27},"1":{"loc":{"start":{"line":30,"column":2},"end":{"line":32,"column":3}},"type":"if","locations":[{"start":{"line":30,"column":2},"end":{"line":32,"column":3}},{"start":{},"end":{}}],"line":30},"2":{"loc":{"start":{"line":33,"column":2},"end":{"line":38,"column":3}},"type":"if","locations":[{"start":{"line":33,"column":2},"end":{"line":38,"column":3}},{"start":{},"end":{}}],"line":33},"3":{"loc":{"start":{"line":34,"column":4},"end":{"line":34,"column":69}},"type":"if","locations":[{"start":{"line":34,"column":4},"end":{"line":34,"column":69}},{"start":{},"end":{}}],"line":34},"4":{"loc":{"start":{"line":34,"column":8},"end":{"line":34,"column":27}},"type":"binary-expr","locations":[{"start":{"line":34,"column":8},"end":{"line":34,"column":13}},{"start":{"line":34,"column":17},"end":{"line":34,"column":27}}],"line":34},"5":{"loc":{"start":{"line":35,"column":4},"end":{"line":37,"column":5}},"type":"if","locations":[{"start":{"line":35,"column":4},"end":{"line":37,"column":5}},{"start":{},"end":{}}],"line":35},"6":{"loc":{"start":{"line":36,"column":27},"end":{"line":36,"column":91}},"type":"cond-expr","locations":[{"start":{"line":36,"column":67},"end":{"line":36,"column":75}},{"start":{"line":36,"column":78},"end":{"line":36,"column":91}}],"line":36},"7":{"loc":{"start":{"line":49,"column":2},"end":{"line":51,"column":3}},"type":"if","locations":[{"start":{"line":49,"column":2},"end":{"line":51,"column":3}},{"start":{},"end":{}}],"line":49},"8":{"loc":{"start":{"line":52,"column":2},"end":{"line":54,"column":3}},"type":"if","locations":[{"start":{"line":52,"column":2},"end":{"line":54,"column":3}},{"start":{},"end":{}}],"line":52},"9":{"loc":{"start":{"line":55,"column":23},"end":{"line":55,"column":89}},"type":"cond-expr","locations":[{"start":{"line":55,"column":65},"end":{"line":55,"column":73}},{"start":{"line":55,"column":76},"end":{"line":55,"column":89}}],"line":55}},"s":{"0":0,"1":0,"2":0,"3":0,"4":0,"5":0,"6":0,"7":0,"8":0,"9":0,"10":0,"11":0,"12":0,"13":0,"14":0,"15":0,"16":0,"17":0,"18":0,"19":0,"20":0,"21":0},"f":{"0":0,"1":0,"2":0,"3":0},"b":{"0":[0,0],"1":[0,0],"2":[0,0],"3":[0,0],"4":[0,0],"5":[0,0],"6":[0,0],"7":[0,0],"8":[0,0],"9":[0,0]}}
,"C:\\Users\\Robert Silva\\Documents\\EUERN v1\\Gest-o-de-est-gio\\Front\\src\\api\\apiClient.js": {"path":"C:\\Users\\Robert Silva\\Documents\\EUERN v1\\Gest-o-de-est-gio\\Front\\src\\api\\apiClient.js","statementMap":{"0":{"start":{"line":4,"column":18},"end":{"line":9,"column":2}},"1":{"start":{"line":12,"column":0},"end":{"line":23,"column":2}},"2":{"start":{"line":14,"column":18},"end":{"line":14,"column":47}},"3":{"start":{"line":15,"column":4},"end":{"line":17,"column":5}},"4":{"start":{"line":16,"column":6},"end":{"line":16,"column":58}},"5":{"start":{"line":18,"column":4},"end":{"line":18,"column":18}},"6":{"start":{"line":21,"column":4},"end":{"line":21,"column":33}}},"fnMap":{"0":{"name":"(anonymous_0)","decl":{"start":{"line":13,"column":2},"end":{"line":13,"column":3}},"loc":{"start":{"line":13,"column":14},"end":{"line":19,"column":3}},"line":13},"1":{"name":"(anonymous_1)","decl":{"start":{"line":20,"column":2},"end":{"line":20,"column":3}},"loc":{"start":{"line":20,"column":13},"end":{"line":22,"column":3}},"line":20}},"branchMap":{"0":{"loc":{"start":{"line":15,"column":4},"end":{"line":17,"column":5}},"type":"if","locations":[{"start":{"line":15,"column":4},"end":{"line":17,"column":5}},{"start":{},"end":{}}],"line":15}},"s":{"0":1,"1":1,"2":0,"3":0,"4":0,"5":0,"6":0},"f":{"0":0,"1":0},"b":{"0":[0,0]},"_coverageSchema":"1a1c01bbd47fc00a2c39e90264f33305004495a9","hash":"b928b0930376b99748a9db36b80cf995c4315eb1"}
,"C:\\Users\\Robert Silva\\Documents\\EUERN v1\\Gest-o-de-est-gio\\Front\\src\\contexts\\AuthContext.js": {"path":"C:\\Users\\Robert Silva\\Documents\\EUERN v1\\Gest-o-de-est-gio\\Front\\src\\contexts\\AuthContext.js","statementMap":{"0":{"start":{"line":5,"column":20},"end":{"line":5,"column":35}},"1":{"start":{"line":7,"column":28},"end":{"line":133,"column":1}},"2":{"start":{"line":9,"column":26},"end":{"line":9,"column":40}},"3":{"start":{"line":10,"column":28},"end":{"line":10,"column":42}},"4":{"start":{"line":11,"column":32},"end":{"line":11,"column":46}},"5":{"start":{"line":12,"column":28},"end":{"line":12,"column":42}},"6":{"start":{"line":13,"column":40},"end":{"line":13,"column":55}},"7":{"start":{"line":16,"column":2},"end":{"line":55,"column":9}},"8":{"start":{"line":17,"column":25},"end":{"line":52,"column":5}},"9":{"start":{"line":18,"column":6},"end":{"line":18,"column":23}},"10":{"start":{"line":19,"column":26},"end":{"line":19,"column":55}},"11":{"start":{"line":21,"column":6},"end":{"line":51,"column":7}},"12":{"start":{"line":22,"column":8},"end":{"line":43,"column":9}},"13":{"start":{"line":24,"column":10},"end":{"line":24,"column":32}},"14":{"start":{"line":27,"column":27},"end":{"line":27,"column":64}},"15":{"start":{"line":28,"column":27},"end":{"line":28,"column":40}},"16":{"start":{"line":31,"column":10},"end":{"line":31,"column":28}},"17":{"start":{"line":32,"column":10},"end":{"line":32,"column":65}},"18":{"start":{"line":33,"column":10},"end":{"line":33,"column":56}},"19":{"start":{"line":35,"column":10},"end":{"line":35,"column":64}},"20":{"start":{"line":36,"column":10},"end":{"line":36,"column":43}},"21":{"start":{"line":37,"column":10},"end":{"line":37,"column":42}},"22":{"start":{"line":38,"column":10},"end":{"line":38,"column":24}},"23":{"start":{"line":39,"column":10},"end":{"line":39,"column":25}},"24":{"start":{"line":41,"column":10},"end":{"line":41,"column":28}},"25":{"start":{"line":42,"column":10},"end":{"line":42,"column":31}},"26":{"start":{"line":46,"column":8},"end":{"line":46,"column":40}},"27":{"start":{"line":47,"column":8},"end":{"line":47,"column":22}},"28":{"start":{"line":48,"column":8},"end":{"line":48,"column":23}},"29":{"start":{"line":49,"column":8},"end":{"line":49,"column":26}},"30":{"start":{"line":50,"column":8},"end":{"line":50,"column":29}},"31":{"start":{"line":54,"column":4},"end":{"line":54,"column":19}},"32":{"start":{"line":57,"column":16},"end":{"line":79,"column":3}},"33":{"start":{"line":58,"column":4},"end":{"line":58,"column":21}},"34":{"start":{"line":59,"column":4},"end":{"line":59,"column":19}},"35":{"start":{"line":60,"column":4},"end":{"line":78,"column":5}},"36":{"start":{"line":61,"column":23},"end":{"line":61,"column":76}},"37":{"start":{"line":62,"column":52},"end":{"line":62,"column":65}},"38":{"start":{"line":65,"column":6},"end":{"line":65,"column":46}},"39":{"start":{"line":66,"column":6},"end":{"line":66,"column":63}},"40":{"start":{"line":69,"column":6},"end":{"line":69,"column":25}},"41":{"start":{"line":70,"column":6},"end":{"line":70,"column":26}},"42":{"start":{"line":71,"column":6},"end":{"line":71,"column":24}},"43":{"start":{"line":73,"column":27},"end":{"line":73,"column":106}},"44":{"start":{"line":74,"column":6},"end":{"line":74,"column":29}},"45":{"start":{"line":75,"column":6},"end":{"line":75,"column":36}},"46":{"start":{"line":77,"column":6},"end":{"line":77,"column":24}},"47":{"start":{"line":81,"column":19},"end":{"line":97,"column":3}},"48":{"start":{"line":82,"column":4},"end":{"line":82,"column":21}},"49":{"start":{"line":83,"column":4},"end":{"line":83,"column":19}},"50":{"start":{"line":84,"column":4},"end":{"line":96,"column":5}},"51":{"start":{"line":85,"column":23},"end":{"line":88,"column":8}},"52":{"start":{"line":89,"column":6},"end":{"line":89,"column":27}},"53":{"start":{"line":91,"column":27},"end":{"line":91,"column":84}},"54":{"start":{"line":92,"column":6},"end":{"line":92,"column":29}},"55":{"start":{"line":93,"column":6},"end":{"line":93,"column":36}},"56":{"start":{"line":95,"column":6},"end":{"line":95,"column":24}},"57":{"start":{"line":99,"column":17},"end":{"line":104,"column":3}},"58":{"start":{"line":100,"column":4},"end":{"line":100,"column":37}},"59":{"start":{"line":101,"column":4},"end":{"line":101,"column":36}},"60":{"start":{"line":102,"column":4},"end":{"line":102,"column":19}},"61":{"start":{"line":103,"column":4},"end":{"line":103,"column":18}},"62":{"start":{"line":106,"column":20},"end":{"line":106,"column":50}},"63":{"start":{"line":106,"column":26},"end":{"line":106,"column":50}},"64":{"start":{"line":107,"column":18},"end":{"line":107,"column":46}},"65":{"start":{"line":107,"column":24},"end":{"line":107,"column":46}},"66":{"start":{"line":110,"column":2},"end":{"line":112,"column":3}},"67":{"start":{"line":111,"column":4},"end":{"line":111,"column":88}},"68":{"start":{"line":114,"column":2},"end":{"line":132,"column":4}},"69":{"start":{"line":135,"column":23},"end":{"line":141,"column":1}},"70":{"start":{"line":136,"column":18},"end":{"line":136,"column":41}},"71":{"start":{"line":137,"column":2},"end":{"line":139,"column":3}},"72":{"start":{"line":138,"column":4},"end":{"line":138,"column":72}},"73":{"start":{"line":140,"column":2},"end":{"line":140,"column":17}}},"fnMap":{"0":{"name":"(anonymous_0)","decl":{"start":{"line":7,"column":28},"end":{"line":7,"column":29}},"loc":{"start":{"line":7,"column":46},"end":{"line":133,"column":1}},"line":7},"1":{"name":"(anonymous_1)","decl":{"start":{"line":16,"column":12},"end":{"line":16,"column":13}},"loc":{"start":{"line":16,"column":18},"end":{"line":55,"column":3}},"line":16},"2":{"name":"(anonymous_2)","decl":{"start":{"line":17,"column":25},"end":{"line":17,"column":26}},"loc":{"start":{"line":17,"column":37},"end":{"line":52,"column":5}},"line":17},"3":{"name":"(anonymous_3)","decl":{"start":{"line":57,"column":16},"end":{"line":57,"column":17}},"loc":{"start":{"line":57,"column":40},"end":{"line":79,"column":3}},"line":57},"4":{"name":"(anonymous_4)","decl":{"start":{"line":81,"column":19},"end":{"line":81,"column":20}},"loc":{"start":{"line":81,"column":39},"end":{"line":97,"column":3}},"line":81},"5":{"name":"(anonymous_5)","decl":{"start":{"line":99,"column":17},"end":{"line":99,"column":18}},"loc":{"start":{"line":99,"column":23},"end":{"line":104,"column":3}},"line":99},"6":{"name":"(anonymous_6)","decl":{"start":{"line":106,"column":20},"end":{"line":106,"column":21}},"loc":{"start":{"line":106,"column":26},"end":{"line":106,"column":50}},"line":106},"7":{"name":"(anonymous_7)","decl":{"start":{"line":107,"column":18},"end":{"line":107,"column":19}},"loc":{"start":{"line":107,"column":24},"end":{"line":107,"column":46}},"line":107},"8":{"name":"(anonymous_8)","decl":{"start":{"line":135,"column":23},"end":{"line":135,"column":24}},"loc":{"start":{"line":135,"column":29},"end":{"line":141,"column":1}},"line":135}},"branchMap":{"0":{"loc":{"start":{"line":21,"column":6},"end":{"line":51,"column":7}},"type":"if","locations":[{"start":{"line":21,"column":6},"end":{"line":51,"column":7}},{"start":{"line":44,"column":13},"end":{"line":51,"column":7}}],"line":21},"1":{"loc":{"start":{"line":73,"column":27},"end":{"line":73,"column":106}},"type":"binary-expr","locations":[{"start":{"line":73,"column":27},"end":{"line":73,"column":52}},{"start":{"line":73,"column":56},"end":{"line":73,"column":106}}],"line":73},"2":{"loc":{"start":{"line":91,"column":27},"end":{"line":91,"column":84}},"type":"binary-expr","locations":[{"start":{"line":91,"column":27},"end":{"line":91,"column":52}},{"start":{"line":91,"column":56},"end":{"line":91,"column":84}}],"line":91},"3":{"loc":{"start":{"line":110,"column":2},"end":{"line":112,"column":3}},"type":"if","locations":[{"start":{"line":110,"column":2},"end":{"line":112,"column":3}},{"start":{},"end":{}}],"line":110},"4":{"loc":{"start":{"line":137,"column":2},"end":{"line":139,"column":3}},"type":"if","locations":[{"start":{"line":137,"column":2},"end":{"line":139,"column":3}},{"start":{},"end":{}}],"line":137}},"s":{"0":1,"1":1,"2":10,"3":10,"4":10,"5":10,"6":10,"7":10,"8":3,"9":3,"10":3,"11":3,"12":1,"13":1,"14":1,"15":1,"16":1,"17":1,"18":1,"19":0,"20":0,"21":0,"22":0,"23":0,"24":1,"25":1,"26":2,"27":2,"28":2,"29":2,"30":2,"31":3,"32":10,"33":1,"34":1,"35":1,"36":1,"37":1,"38":1,"39":1,"40":1,"41":1,"42":1,"43":0,"44":0,"45":0,"46":1,"47":10,"48":0,"49":0,"50":0,"51":0,"52":0,"53":0,"54":0,"55":0,"56":0,"57":10,"58":1,"59":1,"60":1,"61":1,"62":10,"63":0,"64":10,"65":0,"66":10,"67":4,"68":6,"69":1,"70":6,"71":6,"72":0,"73":6},"f":{"0":10,"1":3,"2":3,"3":1,"4":0,"5":1,"6":0,"7":0,"8":6},"b":{"0":[1,2],"1":[0,0],"2":[0,0],"3":[4,6],"4":[0,6]},"_coverageSchema":"1a1c01bbd47fc00a2c39e90264f33305004495a9","hash":"0a97c66a26362080a3ea2315fd2ec25dfc8d8a3a"}
}
