TN:
SF:src\App.js
FN:25,(anonymous_0)
FN:42,(anonymous_1)
FN:47,(anonymous_2)
FN:58,App
FNF:4
FNH:0
FNDA:0,(anonymous_0)
FNDA:0,(anonymous_1)
FNDA:0,(anonymous_2)
FNDA:0,App
DA:25,0
DA:26,0
DA:27,0
DA:28,0
DA:30,0
DA:31,0
DA:33,0
DA:34,0
DA:35,0
DA:36,0
DA:39,0
DA:42,0
DA:43,0
DA:47,0
DA:48,0
DA:49,0
DA:50,0
DA:52,0
DA:53,0
DA:55,0
DA:59,0
LF:21
LH:0
BRDA:27,0,0,0
BRDA:27,0,1,0
BRDA:30,1,0,0
BRDA:30,1,1,0
BRDA:33,2,0,0
BRDA:33,2,1,0
BRDA:34,3,0,0
BRDA:34,3,1,0
BRDA:34,4,0,0
BRDA:34,4,1,0
BRDA:35,5,0,0
BRDA:35,5,1,0
BRDA:36,6,0,0
BRDA:36,6,1,0
BRDA:49,7,0,0
BRDA:49,7,1,0
BRDA:52,8,0,0
BRDA:52,8,1,0
BRDA:55,9,0,0
BRDA:55,9,1,0
BRF:20
BRH:0
end_of_record
TN:
SF:src\api\apiClient.js
FN:13,(anonymous_0)
FN:20,(anonymous_1)
FNF:2
FNH:0
FNDA:0,(anonymous_0)
FNDA:0,(anonymous_1)
DA:4,1
DA:12,1
DA:14,0
DA:15,0
DA:16,0
DA:18,0
DA:21,0
LF:7
LH:2
BRDA:15,0,0,0
BRDA:15,0,1,0
BRF:2
BRH:0
end_of_record
TN:
SF:src\contexts\AuthContext.js
FN:7,(anonymous_0)
FN:16,(anonymous_1)
FN:17,(anonymous_2)
FN:57,(anonymous_3)
FN:81,(anonymous_4)
FN:99,(anonymous_5)
FN:106,(anonymous_6)
FN:107,(anonymous_7)
FN:135,(anonymous_8)
FNF:9
FNH:6
FNDA:10,(anonymous_0)
FNDA:3,(anonymous_1)
FNDA:3,(anonymous_2)
FNDA:1,(anonymous_3)
FNDA:0,(anonymous_4)
FNDA:1,(anonymous_5)
FNDA:0,(anonymous_6)
FNDA:0,(anonymous_7)
FNDA:6,(anonymous_8)
DA:5,1
DA:7,1
DA:9,10
DA:10,10
DA:11,10
DA:12,10
DA:13,10
DA:16,10
DA:17,3
DA:18,3
DA:19,3
DA:21,3
DA:22,1
DA:24,1
DA:27,1
DA:28,1
DA:31,1
DA:32,1
DA:33,1
DA:35,0
DA:36,0
DA:37,0
DA:38,0
DA:39,0
DA:41,1
DA:42,1
DA:46,2
DA:47,2
DA:48,2
DA:49,2
DA:50,2
DA:54,3
DA:57,10
DA:58,1
DA:59,1
DA:60,1
DA:61,1
DA:62,1
DA:65,1
DA:66,1
DA:69,1
DA:70,1
DA:71,1
DA:73,0
DA:74,0
DA:75,0
DA:77,1
DA:81,10
DA:82,0
DA:83,0
DA:84,0
DA:85,0
DA:89,0
DA:91,0
DA:92,0
DA:93,0
DA:95,0
DA:99,10
DA:100,1
DA:101,1
DA:102,1
DA:103,1
DA:106,10
DA:107,10
DA:110,10
DA:111,4
DA:114,6
DA:135,1
DA:136,6
DA:137,6
DA:138,0
DA:140,6
LF:72
LH:54
BRDA:21,0,0,1
BRDA:21,0,1,2
BRDA:73,1,0,0
BRDA:73,1,1,0
BRDA:91,2,0,0
BRDA:91,2,1,0
BRDA:110,3,0,4
BRDA:110,3,1,6
BRDA:137,4,0,0
BRDA:137,4,1,6
BRF:10
BRH:5
end_of_record
