{"C:\\Users\\Robert Silva\\Documents\\EUERN v1\\Gest-o-de-est-gio\\backend\\src\\controllers\\auth.controller.js": {"path":"C:\\Users\\Robert Silva\\Documents\\EUERN v1\\Gest-o-de-est-gio\\backend\\src\\controllers\\auth.controller.js","all":false,"statementMap":{"0":{"start":{"line":1,"column":0},"end":{"line":1,"column":42}},"1":{"start":{"line":2,"column":0},"end":{"line":2,"column":33}},"2":{"start":{"line":3,"column":0},"end":{"line":3,"column":36}},"3":{"start":{"line":4,"column":0},"end":{"line":4,"column":47}},"4":{"start":{"line":5,"column":0},"end":{"line":5,"column":0}},"5":{"start":{"line":6,"column":0},"end":{"line":6,"column":42}},"6":{"start":{"line":7,"column":0},"end":{"line":7,"column":0}},"7":{"start":{"line":8,"column":0},"end":{"line":8,"column":38}},"8":{"start":{"line":9,"column":0},"end":{"line":9,"column":45}},"9":{"start":{"line":10,"column":0},"end":{"line":10,"column":9}},"10":{"start":{"line":11,"column":0},"end":{"line":11,"column":18}},"11":{"start":{"line":12,"column":0},"end":{"line":12,"column":10}},"12":{"start":{"line":13,"column":0},"end":{"line":13,"column":10}},"13":{"start":{"line":14,"column":0},"end":{"line":14,"column":20}},"14":{"start":{"line":15,"column":0},"end":{"line":15,"column":11}},"15":{"start":{"line":16,"column":0},"end":{"line":16,"column":20}},"16":{"start":{"line":17,"column":0},"end":{"line":17,"column":8}},"17":{"start":{"line":18,"column":0},"end":{"line":18,"column":10}},"18":{"start":{"line":19,"column":0},"end":{"line":19,"column":12}},"19":{"start":{"line":20,"column":0},"end":{"line":20,"column":13}},"20":{"start":{"line":21,"column":0},"end":{"line":21,"column":15}},"21":{"start":{"line":22,"column":0},"end":{"line":22,"column":0}},"22":{"start":{"line":23,"column":0},"end":{"line":23,"column":21}},"23":{"start":{"line":24,"column":0},"end":{"line":24,"column":71}},"24":{"start":{"line":25,"column":0},"end":{"line":25,"column":98}},"25":{"start":{"line":26,"column":0},"end":{"line":26,"column":3}},"26":{"start":{"line":27,"column":0},"end":{"line":27,"column":0}},"27":{"start":{"line":28,"column":0},"end":{"line":28,"column":34}},"28":{"start":{"line":29,"column":0},"end":{"line":29,"column":71}},"29":{"start":{"line":30,"column":0},"end":{"line":30,"column":3}},"30":{"start":{"line":31,"column":0},"end":{"line":31,"column":0}},"31":{"start":{"line":32,"column":0},"end":{"line":32,"column":7}},"32":{"start":{"line":33,"column":0},"end":{"line":33,"column":37}},"33":{"start":{"line":34,"column":0},"end":{"line":34,"column":55}},"34":{"start":{"line":35,"column":0},"end":{"line":35,"column":23}},"35":{"start":{"line":36,"column":0},"end":{"line":36,"column":7}},"36":{"start":{"line":37,"column":0},"end":{"line":37,"column":0}},"37":{"start":{"line":38,"column":0},"end":{"line":38,"column":23}},"38":{"start":{"line":39,"column":0},"end":{"line":39,"column":79}},"39":{"start":{"line":40,"column":0},"end":{"line":40,"column":5}},"40":{"start":{"line":41,"column":0},"end":{"line":41,"column":0}},"41":{"start":{"line":42,"column":0},"end":{"line":42,"column":35}},"42":{"start":{"line":43,"column":0},"end":{"line":43,"column":55}},"43":{"start":{"line":44,"column":0},"end":{"line":44,"column":21}},"44":{"start":{"line":45,"column":0},"end":{"line":45,"column":7}},"45":{"start":{"line":46,"column":0},"end":{"line":46,"column":0}},"46":{"start":{"line":47,"column":0},"end":{"line":47,"column":23}},"47":{"start":{"line":48,"column":0},"end":{"line":48,"column":77}},"48":{"start":{"line":49,"column":0},"end":{"line":49,"column":5}},"49":{"start":{"line":50,"column":0},"end":{"line":50,"column":0}},"50":{"start":{"line":51,"column":0},"end":{"line":51,"column":20}},"51":{"start":{"line":52,"column":0},"end":{"line":52,"column":42}},"52":{"start":{"line":53,"column":0},"end":{"line":53,"column":58}},"53":{"start":{"line":54,"column":0},"end":{"line":54,"column":0}},"54":{"start":{"line":55,"column":0},"end":{"line":55,"column":26}},"55":{"start":{"line":56,"column":0},"end":{"line":56,"column":46}},"56":{"start":{"line":57,"column":0},"end":{"line":57,"column":13}},"57":{"start":{"line":58,"column":0},"end":{"line":58,"column":22}},"58":{"start":{"line":59,"column":0},"end":{"line":59,"column":14}},"59":{"start":{"line":60,"column":0},"end":{"line":60,"column":30}},"60":{"start":{"line":61,"column":0},"end":{"line":61,"column":15}},"61":{"start":{"line":62,"column":0},"end":{"line":62,"column":12}},"62":{"start":{"line":63,"column":0},"end":{"line":63,"column":51}},"63":{"start":{"line":64,"column":0},"end":{"line":64,"column":14}},"64":{"start":{"line":65,"column":0},"end":{"line":65,"column":16}},"65":{"start":{"line":66,"column":0},"end":{"line":66,"column":18}},"66":{"start":{"line":67,"column":0},"end":{"line":67,"column":29}},"67":{"start":{"line":68,"column":0},"end":{"line":68,"column":8}},"68":{"start":{"line":69,"column":0},"end":{"line":69,"column":15}},"69":{"start":{"line":70,"column":0},"end":{"line":70,"column":17}},"70":{"start":{"line":71,"column":0},"end":{"line":71,"column":28}},"71":{"start":{"line":72,"column":0},"end":{"line":72,"column":20}},"72":{"start":{"line":73,"column":0},"end":{"line":73,"column":19}},"73":{"start":{"line":74,"column":0},"end":{"line":74,"column":21}},"74":{"start":{"line":75,"column":0},"end":{"line":75,"column":20}},"75":{"start":{"line":76,"column":0},"end":{"line":76,"column":22}},"76":{"start":{"line":77,"column":0},"end":{"line":77,"column":23}},"77":{"start":{"line":78,"column":0},"end":{"line":78,"column":7}},"78":{"start":{"line":79,"column":0},"end":{"line":79,"column":7}},"79":{"start":{"line":80,"column":0},"end":{"line":80,"column":0}},"80":{"start":{"line":81,"column":0},"end":{"line":81,"column":33}},"81":{"start":{"line":82,"column":0},"end":{"line":82,"column":47}},"82":{"start":{"line":83,"column":0},"end":{"line":83,"column":19}},"83":{"start":{"line":84,"column":0},"end":{"line":84,"column":7}},"84":{"start":{"line":85,"column":0},"end":{"line":85,"column":0}},"85":{"start":{"line":86,"column":0},"end":{"line":86,"column":19}},"86":{"start":{"line":87,"column":0},"end":{"line":87,"column":53}},"87":{"start":{"line":88,"column":0},"end":{"line":88,"column":81}},"88":{"start":{"line":89,"column":0},"end":{"line":89,"column":3}},"89":{"start":{"line":90,"column":0},"end":{"line":90,"column":2}},"90":{"start":{"line":91,"column":0},"end":{"line":91,"column":0}},"91":{"start":{"line":92,"column":0},"end":{"line":92,"column":38}},"92":{"start":{"line":93,"column":0},"end":{"line":93,"column":37}},"93":{"start":{"line":94,"column":0},"end":{"line":94,"column":36}},"94":{"start":{"line":95,"column":0},"end":{"line":95,"column":0}},"95":{"start":{"line":96,"column":0},"end":{"line":96,"column":25}},"96":{"start":{"line":97,"column":0},"end":{"line":97,"column":78}},"97":{"start":{"line":98,"column":0},"end":{"line":98,"column":3}},"98":{"start":{"line":99,"column":0},"end":{"line":99,"column":0}},"99":{"start":{"line":100,"column":0},"end":{"line":100,"column":7}},"100":{"start":{"line":101,"column":0},"end":{"line":101,"column":53}},"101":{"start":{"line":102,"column":0},"end":{"line":102,"column":23}},"102":{"start":{"line":103,"column":0},"end":{"line":103,"column":15}},"103":{"start":{"line":104,"column":0},"end":{"line":104,"column":17}},"104":{"start":{"line":105,"column":0},"end":{"line":105,"column":29}},"105":{"start":{"line":106,"column":0},"end":{"line":106,"column":29}},"106":{"start":{"line":107,"column":0},"end":{"line":107,"column":29}},"107":{"start":{"line":108,"column":0},"end":{"line":108,"column":29}},"108":{"start":{"line":109,"column":0},"end":{"line":109,"column":29}},"109":{"start":{"line":110,"column":0},"end":{"line":110,"column":31}},"110":{"start":{"line":111,"column":0},"end":{"line":111,"column":29}},"111":{"start":{"line":112,"column":0},"end":{"line":112,"column":29}},"112":{"start":{"line":113,"column":0},"end":{"line":113,"column":29}},"113":{"start":{"line":114,"column":0},"end":{"line":114,"column":29}},"114":{"start":{"line":115,"column":0},"end":{"line":115,"column":29}},"115":{"start":{"line":116,"column":0},"end":{"line":116,"column":7}},"116":{"start":{"line":117,"column":0},"end":{"line":117,"column":7}},"117":{"start":{"line":118,"column":0},"end":{"line":118,"column":0}},"118":{"start":{"line":119,"column":0},"end":{"line":119,"column":22}},"119":{"start":{"line":120,"column":0},"end":{"line":120,"column":71}},"120":{"start":{"line":121,"column":0},"end":{"line":121,"column":5}},"121":{"start":{"line":122,"column":0},"end":{"line":122,"column":0}},"122":{"start":{"line":123,"column":0},"end":{"line":123,"column":66}},"123":{"start":{"line":124,"column":0},"end":{"line":124,"column":0}},"124":{"start":{"line":125,"column":0},"end":{"line":125,"column":19}},"125":{"start":{"line":126,"column":0},"end":{"line":126,"column":71}},"126":{"start":{"line":127,"column":0},"end":{"line":127,"column":5}},"127":{"start":{"line":128,"column":0},"end":{"line":128,"column":0}},"128":{"start":{"line":129,"column":0},"end":{"line":129,"column":29}},"129":{"start":{"line":130,"column":0},"end":{"line":130,"column":14}},"130":{"start":{"line":131,"column":0},"end":{"line":131,"column":26}},"131":{"start":{"line":132,"column":0},"end":{"line":132,"column":33}},"132":{"start":{"line":133,"column":0},"end":{"line":133,"column":8}},"133":{"start":{"line":134,"column":0},"end":{"line":134,"column":6}},"134":{"start":{"line":135,"column":0},"end":{"line":135,"column":0}},"135":{"start":{"line":136,"column":0},"end":{"line":136,"column":13}},"136":{"start":{"line":137,"column":0},"end":{"line":137,"column":23}},"137":{"start":{"line":138,"column":0},"end":{"line":138,"column":17}},"138":{"start":{"line":139,"column":0},"end":{"line":139,"column":26}},"139":{"start":{"line":140,"column":0},"end":{"line":140,"column":23}},"140":{"start":{"line":141,"column":0},"end":{"line":141,"column":18}},"141":{"start":{"line":142,"column":0},"end":{"line":142,"column":63}},"142":{"start":{"line":143,"column":0},"end":{"line":143,"column":91}},"143":{"start":{"line":144,"column":0},"end":{"line":144,"column":9}},"144":{"start":{"line":145,"column":0},"end":{"line":145,"column":0}},"145":{"start":{"line":146,"column":0},"end":{"line":146,"column":41}},"146":{"start":{"line":147,"column":0},"end":{"line":147,"column":28}},"147":{"start":{"line":148,"column":0},"end":{"line":148,"column":51}},"148":{"start":{"line":149,"column":0},"end":{"line":149,"column":34}},"149":{"start":{"line":150,"column":0},"end":{"line":150,"column":32}},"150":{"start":{"line":151,"column":0},"end":{"line":151,"column":36}},"151":{"start":{"line":152,"column":0},"end":{"line":152,"column":46}},"152":{"start":{"line":153,"column":0},"end":{"line":153,"column":128}},"153":{"start":{"line":154,"column":0},"end":{"line":154,"column":30}},"154":{"start":{"line":155,"column":0},"end":{"line":155,"column":34}},"155":{"start":{"line":156,"column":0},"end":{"line":156,"column":38}},"156":{"start":{"line":157,"column":0},"end":{"line":157,"column":42}},"157":{"start":{"line":158,"column":0},"end":{"line":158,"column":10}},"158":{"start":{"line":159,"column":0},"end":{"line":159,"column":0}},"159":{"start":{"line":160,"column":0},"end":{"line":160,"column":18}},"160":{"start":{"line":161,"column":0},"end":{"line":161,"column":41}},"161":{"start":{"line":162,"column":0},"end":{"line":162,"column":16}},"162":{"start":{"line":163,"column":0},"end":{"line":163,"column":40}},"163":{"start":{"line":164,"column":0},"end":{"line":164,"column":11}},"164":{"start":{"line":165,"column":0},"end":{"line":165,"column":7}},"165":{"start":{"line":166,"column":0},"end":{"line":166,"column":6}},"166":{"start":{"line":167,"column":0},"end":{"line":167,"column":0}},"167":{"start":{"line":168,"column":0},"end":{"line":168,"column":19}},"168":{"start":{"line":169,"column":0},"end":{"line":169,"column":43}},"169":{"start":{"line":170,"column":0},"end":{"line":170,"column":75}},"170":{"start":{"line":171,"column":0},"end":{"line":171,"column":3}},"171":{"start":{"line":172,"column":0},"end":{"line":172,"column":2}}},"s":{"0":1,"1":1,"2":1,"3":1,"4":1,"5":1,"6":1,"7":1,"8":1,"9":6,"10":6,"11":6,"12":6,"13":6,"14":6,"15":6,"16":6,"17":6,"18":6,"19":6,"20":6,"21":6,"22":6,"23":6,"24":1,"25":1,"26":5,"27":6,"28":1,"29":1,"30":4,"31":4,"32":4,"33":4,"34":4,"35":4,"36":4,"37":6,"38":1,"39":1,"40":3,"41":3,"42":3,"43":3,"44":3,"45":3,"46":6,"47":1,"48":1,"49":2,"50":2,"51":2,"52":2,"53":2,"54":2,"55":2,"56":2,"57":2,"58":2,"59":2,"60":2,"61":2,"62":2,"63":2,"64":2,"65":2,"66":2,"67":2,"68":2,"69":2,"70":2,"71":2,"72":2,"73":2,"74":2,"75":2,"76":2,"77":2,"78":2,"79":1,"80":1,"81":1,"82":1,"83":1,"84":1,"85":1,"86":1,"87":1,"88":1,"89":6,"90":1,"91":1,"92":1,"93":4,"94":4,"95":4,"96":0,"97":0,"98":4,"99":4,"100":4,"101":4,"102":4,"103":4,"104":4,"105":4,"106":4,"107":4,"108":4,"109":4,"110":4,"111":4,"112":4,"113":4,"114":4,"115":4,"116":4,"117":4,"118":4,"119":1,"120":1,"121":3,"122":3,"123":3,"124":4,"125":1,"126":1,"127":2,"128":2,"129":2,"130":2,"131":2,"132":2,"133":2,"134":2,"135":2,"136":2,"137":2,"138":2,"139":2,"140":2,"141":1,"142":1,"143":1,"144":1,"145":1,"146":1,"147":1,"148":1,"149":1,"150":1,"151":1,"152":2,"153":2,"154":2,"155":2,"156":2,"157":2,"158":2,"159":2,"160":2,"161":2,"162":2,"163":2,"164":2,"165":2,"166":2,"167":4,"168":0,"169":0,"170":0,"171":4},"branchMap":{"0":{"type":"branch","line":9,"loc":{"start":{"line":9,"column":24},"end":{"line":90,"column":2}},"locations":[{"start":{"line":9,"column":24},"end":{"line":90,"column":2}}]},"1":{"type":"branch","line":24,"loc":{"start":{"line":24,"column":20},"end":{"line":24,"column":30}},"locations":[{"start":{"line":24,"column":20},"end":{"line":24,"column":30}}]},"2":{"type":"branch","line":24,"loc":{"start":{"line":24,"column":30},"end":{"line":24,"column":40}},"locations":[{"start":{"line":24,"column":30},"end":{"line":24,"column":40}}]},"3":{"type":"branch","line":24,"loc":{"start":{"line":24,"column":40},"end":{"line":24,"column":60}},"locations":[{"start":{"line":24,"column":40},"end":{"line":24,"column":60}}]},"4":{"type":"branch","line":24,"loc":{"start":{"line":24,"column":60},"end":{"line":24,"column":68}},"locations":[{"start":{"line":24,"column":60},"end":{"line":24,"column":68}}]},"5":{"type":"branch","line":24,"loc":{"start":{"line":24,"column":70},"end":{"line":26,"column":3}},"locations":[{"start":{"line":24,"column":70},"end":{"line":26,"column":3}}]},"6":{"type":"branch","line":26,"loc":{"start":{"line":26,"column":2},"end":{"line":28,"column":33}},"locations":[{"start":{"line":26,"column":2},"end":{"line":28,"column":33}}]},"7":{"type":"branch","line":28,"loc":{"start":{"line":28,"column":33},"end":{"line":30,"column":3}},"locations":[{"start":{"line":28,"column":33},"end":{"line":30,"column":3}}]},"8":{"type":"branch","line":30,"loc":{"start":{"line":30,"column":2},"end":{"line":38,"column":22}},"locations":[{"start":{"line":30,"column":2},"end":{"line":38,"column":22}}]},"9":{"type":"branch","line":38,"loc":{"start":{"line":38,"column":22},"end":{"line":40,"column":5}},"locations":[{"start":{"line":38,"column":22},"end":{"line":40,"column":5}}]},"10":{"type":"branch","line":40,"loc":{"start":{"line":40,"column":4},"end":{"line":47,"column":22}},"locations":[{"start":{"line":40,"column":4},"end":{"line":47,"column":22}}]},"11":{"type":"branch","line":47,"loc":{"start":{"line":47,"column":22},"end":{"line":49,"column":5}},"locations":[{"start":{"line":47,"column":22},"end":{"line":49,"column":5}}]},"12":{"type":"branch","line":49,"loc":{"start":{"line":49,"column":4},"end":{"line":79,"column":7}},"locations":[{"start":{"line":49,"column":4},"end":{"line":79,"column":7}}]},"13":{"type":"branch","line":79,"loc":{"start":{"line":79,"column":6},"end":{"line":89,"column":3}},"locations":[{"start":{"line":79,"column":6},"end":{"line":89,"column":3}}]},"14":{"type":"branch","line":93,"loc":{"start":{"line":93,"column":16},"end":{"line":172,"column":2}},"locations":[{"start":{"line":93,"column":16},"end":{"line":172,"column":2}}]},"15":{"type":"branch","line":96,"loc":{"start":{"line":96,"column":24},"end":{"line":98,"column":3}},"locations":[{"start":{"line":96,"column":24},"end":{"line":98,"column":3}}]},"16":{"type":"branch","line":119,"loc":{"start":{"line":119,"column":21},"end":{"line":121,"column":5}},"locations":[{"start":{"line":119,"column":21},"end":{"line":121,"column":5}}]},"17":{"type":"branch","line":121,"loc":{"start":{"line":121,"column":4},"end":{"line":125,"column":18}},"locations":[{"start":{"line":121,"column":4},"end":{"line":125,"column":18}}]},"18":{"type":"branch","line":125,"loc":{"start":{"line":125,"column":18},"end":{"line":127,"column":5}},"locations":[{"start":{"line":125,"column":18},"end":{"line":127,"column":5}}]},"19":{"type":"branch","line":127,"loc":{"start":{"line":127,"column":4},"end":{"line":168,"column":4}},"locations":[{"start":{"line":127,"column":4},"end":{"line":168,"column":4}}]},"20":{"type":"branch","line":168,"loc":{"start":{"line":168,"column":4},"end":{"line":171,"column":3}},"locations":[{"start":{"line":168,"column":4},"end":{"line":171,"column":3}}]},"21":{"type":"branch","line":140,"loc":{"start":{"line":140,"column":6},"end":{"line":165,"column":7}},"locations":[{"start":{"line":140,"column":6},"end":{"line":165,"column":7}}]},"22":{"type":"branch","line":141,"loc":{"start":{"line":141,"column":17},"end":{"line":153,"column":120}},"locations":[{"start":{"line":141,"column":17},"end":{"line":153,"column":120}}]},"23":{"type":"branch","line":153,"loc":{"start":{"line":153,"column":120},"end":{"line":153,"column":127}},"locations":[{"start":{"line":153,"column":120},"end":{"line":153,"column":127}}]}},"b":{"0":[6],"1":[5],"2":[5],"3":[5],"4":[5],"5":[1],"6":[5],"7":[1],"8":[4],"9":[1],"10":[3],"11":[1],"12":[2],"13":[1],"14":[4],"15":[0],"16":[1],"17":[3],"18":[1],"19":[2],"20":[0],"21":[2],"22":[1],"23":[0]},"fnMap":{"0":{"name":"Object.<anonymous>.exports.registerAluno","decl":{"start":{"line":9,"column":24},"end":{"line":90,"column":2}},"loc":{"start":{"line":9,"column":24},"end":{"line":90,"column":2}},"line":9},"1":{"name":"Object.<anonymous>.exports.login","decl":{"start":{"line":93,"column":16},"end":{"line":172,"column":2}},"loc":{"start":{"line":93,"column":16},"end":{"line":172,"column":2}},"line":93}},"f":{"0":6,"1":4}}
,"C:\\Users\\Robert Silva\\Documents\\EUERN v1\\Gest-o-de-est-gio\\backend\\src\\controllers\\candidatura.controller.js": {"path":"C:\\Users\\Robert Silva\\Documents\\EUERN v1\\Gest-o-de-est-gio\\backend\\src\\controllers\\candidatura.controller.js","all":false,"statementMap":{"0":{"start":{"line":1,"column":0},"end":{"line":1,"column":78}},"1":{"start":{"line":2,"column":0},"end":{"line":2,"column":42}},"2":{"start":{"line":3,"column":0},"end":{"line":3,"column":0}},"3":{"start":{"line":4,"column":0},"end":{"line":4,"column":49}},"4":{"start":{"line":5,"column":0},"end":{"line":5,"column":30}},"5":{"start":{"line":6,"column":0},"end":{"line":6,"column":31}},"6":{"start":{"line":7,"column":0},"end":{"line":7,"column":0}},"7":{"start":{"line":8,"column":0},"end":{"line":8,"column":17}},"8":{"start":{"line":9,"column":0},"end":{"line":9,"column":97}},"9":{"start":{"line":10,"column":0},"end":{"line":10,"column":3}},"10":{"start":{"line":11,"column":0},"end":{"line":11,"column":0}},"11":{"start":{"line":12,"column":0},"end":{"line":12,"column":7}},"12":{"start":{"line":13,"column":0},"end":{"line":13,"column":47}},"13":{"start":{"line":14,"column":0},"end":{"line":14,"column":29}},"14":{"start":{"line":15,"column":0},"end":{"line":15,"column":7}},"15":{"start":{"line":16,"column":0},"end":{"line":16,"column":0}},"16":{"start":{"line":17,"column":0},"end":{"line":17,"column":16}},"17":{"start":{"line":18,"column":0},"end":{"line":18,"column":69}},"18":{"start":{"line":19,"column":0},"end":{"line":19,"column":5}},"19":{"start":{"line":20,"column":0},"end":{"line":20,"column":0}},"20":{"start":{"line":21,"column":0},"end":{"line":21,"column":29}},"21":{"start":{"line":22,"column":0},"end":{"line":22,"column":138}},"22":{"start":{"line":23,"column":0},"end":{"line":23,"column":106}},"23":{"start":{"line":24,"column":0},"end":{"line":24,"column":5}},"24":{"start":{"line":25,"column":0},"end":{"line":25,"column":22}},"25":{"start":{"line":26,"column":0},"end":{"line":26,"column":81}},"26":{"start":{"line":27,"column":0},"end":{"line":27,"column":5}},"27":{"start":{"line":28,"column":0},"end":{"line":28,"column":0}},"28":{"start":{"line":29,"column":0},"end":{"line":29,"column":70}},"29":{"start":{"line":30,"column":0},"end":{"line":30,"column":14}},"30":{"start":{"line":31,"column":0},"end":{"line":31,"column":27}},"31":{"start":{"line":32,"column":0},"end":{"line":32,"column":28}},"32":{"start":{"line":33,"column":0},"end":{"line":33,"column":27}},"33":{"start":{"line":34,"column":0},"end":{"line":34,"column":10}},"34":{"start":{"line":35,"column":0},"end":{"line":35,"column":8}},"35":{"start":{"line":36,"column":0},"end":{"line":36,"column":7}},"36":{"start":{"line":37,"column":0},"end":{"line":37,"column":0}},"37":{"start":{"line":38,"column":0},"end":{"line":38,"column":31}},"38":{"start":{"line":39,"column":0},"end":{"line":39,"column":100}},"39":{"start":{"line":40,"column":0},"end":{"line":40,"column":5}},"40":{"start":{"line":41,"column":0},"end":{"line":41,"column":0}},"41":{"start":{"line":42,"column":0},"end":{"line":42,"column":56}},"42":{"start":{"line":43,"column":0},"end":{"line":43,"column":16}},"43":{"start":{"line":44,"column":0},"end":{"line":44,"column":30}},"44":{"start":{"line":45,"column":0},"end":{"line":45,"column":40}},"45":{"start":{"line":46,"column":0},"end":{"line":46,"column":9}},"46":{"start":{"line":47,"column":0},"end":{"line":47,"column":7}},"47":{"start":{"line":48,"column":0},"end":{"line":48,"column":0}},"48":{"start":{"line":49,"column":0},"end":{"line":49,"column":21}},"49":{"start":{"line":50,"column":0},"end":{"line":50,"column":134}},"50":{"start":{"line":51,"column":0},"end":{"line":51,"column":5}},"51":{"start":{"line":52,"column":0},"end":{"line":52,"column":0}},"52":{"start":{"line":53,"column":0},"end":{"line":53,"column":61}},"53":{"start":{"line":54,"column":0},"end":{"line":54,"column":13}},"54":{"start":{"line":55,"column":0},"end":{"line":55,"column":43}},"55":{"start":{"line":56,"column":0},"end":{"line":56,"column":44}},"56":{"start":{"line":57,"column":0},"end":{"line":57,"column":43}},"57":{"start":{"line":58,"column":0},"end":{"line":58,"column":8}},"58":{"start":{"line":59,"column":0},"end":{"line":59,"column":16}},"59":{"start":{"line":60,"column":0},"end":{"line":60,"column":68}},"60":{"start":{"line":61,"column":0},"end":{"line":61,"column":59}},"61":{"start":{"line":62,"column":0},"end":{"line":62,"column":7}},"62":{"start":{"line":63,"column":0},"end":{"line":63,"column":7}},"63":{"start":{"line":64,"column":0},"end":{"line":64,"column":0}},"64":{"start":{"line":65,"column":0},"end":{"line":65,"column":106}},"65":{"start":{"line":66,"column":0},"end":{"line":66,"column":0}},"66":{"start":{"line":67,"column":0},"end":{"line":67,"column":19}},"67":{"start":{"line":68,"column":0},"end":{"line":68,"column":65}},"68":{"start":{"line":69,"column":0},"end":{"line":69,"column":62}},"69":{"start":{"line":70,"column":0},"end":{"line":70,"column":110}},"70":{"start":{"line":71,"column":0},"end":{"line":71,"column":5}},"71":{"start":{"line":72,"column":0},"end":{"line":72,"column":33}},"72":{"start":{"line":73,"column":0},"end":{"line":73,"column":115}},"73":{"start":{"line":74,"column":0},"end":{"line":74,"column":5}},"74":{"start":{"line":75,"column":0},"end":{"line":75,"column":33}},"75":{"start":{"line":76,"column":0},"end":{"line":76,"column":89}},"76":{"start":{"line":77,"column":0},"end":{"line":77,"column":120}},"77":{"start":{"line":78,"column":0},"end":{"line":78,"column":5}},"78":{"start":{"line":79,"column":0},"end":{"line":79,"column":105}},"79":{"start":{"line":80,"column":0},"end":{"line":80,"column":3}},"80":{"start":{"line":81,"column":0},"end":{"line":81,"column":2}},"81":{"start":{"line":82,"column":0},"end":{"line":82,"column":0}},"82":{"start":{"line":83,"column":0},"end":{"line":83,"column":53}},"83":{"start":{"line":84,"column":0},"end":{"line":84,"column":30}},"84":{"start":{"line":85,"column":0},"end":{"line":85,"column":0}},"85":{"start":{"line":86,"column":0},"end":{"line":86,"column":7}},"86":{"start":{"line":87,"column":0},"end":{"line":87,"column":60}},"87":{"start":{"line":88,"column":0},"end":{"line":88,"column":35}},"88":{"start":{"line":89,"column":0},"end":{"line":89,"column":16}},"89":{"start":{"line":90,"column":0},"end":{"line":90,"column":15}},"90":{"start":{"line":91,"column":0},"end":{"line":91,"column":98}},"91":{"start":{"line":92,"column":0},"end":{"line":92,"column":10}},"92":{"start":{"line":93,"column":0},"end":{"line":93,"column":8}},"93":{"start":{"line":94,"column":0},"end":{"line":94,"column":44}},"94":{"start":{"line":95,"column":0},"end":{"line":95,"column":7}},"95":{"start":{"line":96,"column":0},"end":{"line":96,"column":39}},"96":{"start":{"line":97,"column":0},"end":{"line":97,"column":19}},"97":{"start":{"line":98,"column":0},"end":{"line":98,"column":74}},"98":{"start":{"line":99,"column":0},"end":{"line":99,"column":104}},"99":{"start":{"line":100,"column":0},"end":{"line":100,"column":3}},"100":{"start":{"line":101,"column":0},"end":{"line":101,"column":2}},"101":{"start":{"line":102,"column":0},"end":{"line":102,"column":0}},"102":{"start":{"line":103,"column":0},"end":{"line":103,"column":58}},"103":{"start":{"line":104,"column":0},"end":{"line":104,"column":30}},"104":{"start":{"line":105,"column":0},"end":{"line":105,"column":32}},"105":{"start":{"line":106,"column":0},"end":{"line":106,"column":0}},"106":{"start":{"line":107,"column":0},"end":{"line":107,"column":16}},"107":{"start":{"line":108,"column":0},"end":{"line":108,"column":81}},"108":{"start":{"line":109,"column":0},"end":{"line":109,"column":3}},"109":{"start":{"line":110,"column":0},"end":{"line":110,"column":0}},"110":{"start":{"line":111,"column":0},"end":{"line":111,"column":7}},"111":{"start":{"line":112,"column":0},"end":{"line":112,"column":61}},"112":{"start":{"line":113,"column":0},"end":{"line":113,"column":14}},"113":{"start":{"line":114,"column":0},"end":{"line":114,"column":27}},"114":{"start":{"line":115,"column":0},"end":{"line":115,"column":28}},"115":{"start":{"line":116,"column":0},"end":{"line":116,"column":26}},"116":{"start":{"line":117,"column":0},"end":{"line":117,"column":10}},"117":{"start":{"line":118,"column":0},"end":{"line":118,"column":8}},"118":{"start":{"line":119,"column":0},"end":{"line":119,"column":16}},"119":{"start":{"line":120,"column":0},"end":{"line":120,"column":56}},"120":{"start":{"line":121,"column":0},"end":{"line":121,"column":7}},"121":{"start":{"line":122,"column":0},"end":{"line":122,"column":7}},"122":{"start":{"line":123,"column":0},"end":{"line":123,"column":0}},"123":{"start":{"line":124,"column":0},"end":{"line":124,"column":23}},"124":{"start":{"line":125,"column":0},"end":{"line":125,"column":97}},"125":{"start":{"line":126,"column":0},"end":{"line":126,"column":5}},"126":{"start":{"line":127,"column":0},"end":{"line":127,"column":38}},"127":{"start":{"line":128,"column":0},"end":{"line":128,"column":19}},"128":{"start":{"line":129,"column":0},"end":{"line":129,"column":86}},"129":{"start":{"line":130,"column":0},"end":{"line":130,"column":90}},"130":{"start":{"line":131,"column":0},"end":{"line":131,"column":92}},"131":{"start":{"line":132,"column":0},"end":{"line":132,"column":5}},"132":{"start":{"line":133,"column":0},"end":{"line":133,"column":105}},"133":{"start":{"line":134,"column":0},"end":{"line":134,"column":3}},"134":{"start":{"line":135,"column":0},"end":{"line":135,"column":2}},"135":{"start":{"line":136,"column":0},"end":{"line":136,"column":0}},"136":{"start":{"line":137,"column":0},"end":{"line":137,"column":55}},"137":{"start":{"line":138,"column":0},"end":{"line":138,"column":45}},"138":{"start":{"line":139,"column":0},"end":{"line":139,"column":32}},"139":{"start":{"line":140,"column":0},"end":{"line":140,"column":0}},"140":{"start":{"line":141,"column":0},"end":{"line":141,"column":86}},"141":{"start":{"line":142,"column":0},"end":{"line":142,"column":135}},"142":{"start":{"line":143,"column":0},"end":{"line":143,"column":5}},"143":{"start":{"line":144,"column":0},"end":{"line":144,"column":0}},"144":{"start":{"line":145,"column":0},"end":{"line":145,"column":9}},"145":{"start":{"line":146,"column":0},"end":{"line":146,"column":74}},"146":{"start":{"line":147,"column":0},"end":{"line":147,"column":41}},"147":{"start":{"line":148,"column":0},"end":{"line":148,"column":11}},"148":{"start":{"line":149,"column":0},"end":{"line":149,"column":36}},"149":{"start":{"line":150,"column":0},"end":{"line":150,"column":82}},"150":{"start":{"line":151,"column":0},"end":{"line":151,"column":9}},"151":{"start":{"line":152,"column":0},"end":{"line":152,"column":68}},"152":{"start":{"line":153,"column":0},"end":{"line":153,"column":41}},"153":{"start":{"line":154,"column":0},"end":{"line":154,"column":51}},"154":{"start":{"line":155,"column":0},"end":{"line":155,"column":22}},"155":{"start":{"line":156,"column":0},"end":{"line":156,"column":82}},"156":{"start":{"line":157,"column":0},"end":{"line":157,"column":60}},"157":{"start":{"line":158,"column":0},"end":{"line":158,"column":13}},"158":{"start":{"line":159,"column":0},"end":{"line":159,"column":11}},"159":{"start":{"line":160,"column":0},"end":{"line":160,"column":127}},"160":{"start":{"line":161,"column":0},"end":{"line":161,"column":0}},"161":{"start":{"line":162,"column":0},"end":{"line":162,"column":21}},"162":{"start":{"line":163,"column":0},"end":{"line":163,"column":102}},"163":{"start":{"line":164,"column":0},"end":{"line":164,"column":37}},"164":{"start":{"line":165,"column":0},"end":{"line":165,"column":109}},"165":{"start":{"line":166,"column":0},"end":{"line":166,"column":9}},"166":{"start":{"line":167,"column":0},"end":{"line":167,"column":117}},"167":{"start":{"line":168,"column":0},"end":{"line":168,"column":5}},"168":{"start":{"line":169,"column":0},"end":{"line":169,"column":2}}},"s":{"0":1,"1":1,"2":1,"3":1,"4":7,"5":7,"6":7,"7":7,"8":1,"9":1,"10":6,"11":6,"12":6,"13":6,"14":6,"15":6,"16":7,"17":1,"18":1,"19":5,"20":5,"21":7,"22":1,"23":1,"24":7,"25":1,"26":1,"27":3,"28":3,"29":3,"30":3,"31":3,"32":3,"33":3,"34":3,"35":3,"36":3,"37":7,"38":1,"39":1,"40":2,"41":2,"42":2,"43":2,"44":2,"45":2,"46":2,"47":2,"48":7,"49":1,"50":1,"51":1,"52":1,"53":1,"54":1,"55":1,"56":1,"57":1,"58":1,"59":1,"60":1,"61":1,"62":1,"63":1,"64":1,"65":1,"66":7,"67":0,"68":0,"69":0,"70":0,"71":0,"72":0,"73":0,"74":0,"75":0,"76":0,"77":0,"78":0,"79":0,"80":7,"81":1,"82":1,"83":1,"84":1,"85":1,"86":1,"87":1,"88":1,"89":1,"90":1,"91":1,"92":1,"93":1,"94":1,"95":1,"96":1,"97":0,"98":0,"99":0,"100":1,"101":1,"102":1,"103":2,"104":2,"105":2,"106":2,"107":0,"108":0,"109":2,"110":2,"111":2,"112":2,"113":2,"114":2,"115":2,"116":2,"117":2,"118":2,"119":2,"120":2,"121":2,"122":2,"123":2,"124":1,"125":1,"126":1,"127":2,"128":0,"129":0,"130":0,"131":0,"132":0,"133":0,"134":2,"135":1,"136":1,"137":3,"138":3,"139":3,"140":3,"141":1,"142":1,"143":2,"144":2,"145":2,"146":2,"147":2,"148":3,"149":1,"150":1,"151":1,"152":1,"153":1,"154":1,"155":1,"156":1,"157":1,"158":1,"159":1,"160":1,"161":3,"162":0,"163":0,"164":0,"165":0,"166":0,"167":0,"168":3},"branchMap":{"0":{"type":"branch","line":4,"loc":{"start":{"line":4,"column":28},"end":{"line":81,"column":2}},"locations":[{"start":{"line":4,"column":28},"end":{"line":81,"column":2}}]},"1":{"type":"branch","line":8,"loc":{"start":{"line":8,"column":16},"end":{"line":10,"column":3}},"locations":[{"start":{"line":8,"column":16},"end":{"line":10,"column":3}}]},"2":{"type":"branch","line":10,"loc":{"start":{"line":10,"column":2},"end":{"line":17,"column":15}},"locations":[{"start":{"line":10,"column":2},"end":{"line":17,"column":15}}]},"3":{"type":"branch","line":17,"loc":{"start":{"line":17,"column":15},"end":{"line":19,"column":5}},"locations":[{"start":{"line":17,"column":15},"end":{"line":19,"column":5}}]},"4":{"type":"branch","line":19,"loc":{"start":{"line":19,"column":4},"end":{"line":22,"column":135}},"locations":[{"start":{"line":19,"column":4},"end":{"line":22,"column":135}}]},"5":{"type":"branch","line":22,"loc":{"start":{"line":22,"column":137},"end":{"line":24,"column":5}},"locations":[{"start":{"line":22,"column":137},"end":{"line":24,"column":5}}]},"6":{"type":"branch","line":24,"loc":{"start":{"line":24,"column":4},"end":{"line":25,"column":21}},"locations":[{"start":{"line":24,"column":4},"end":{"line":25,"column":21}}]},"7":{"type":"branch","line":25,"loc":{"start":{"line":25,"column":21},"end":{"line":27,"column":5}},"locations":[{"start":{"line":25,"column":21},"end":{"line":27,"column":5}}]},"8":{"type":"branch","line":27,"loc":{"start":{"line":27,"column":4},"end":{"line":38,"column":30}},"locations":[{"start":{"line":27,"column":4},"end":{"line":38,"column":30}}]},"9":{"type":"branch","line":38,"loc":{"start":{"line":38,"column":30},"end":{"line":40,"column":5}},"locations":[{"start":{"line":38,"column":30},"end":{"line":40,"column":5}}]},"10":{"type":"branch","line":40,"loc":{"start":{"line":40,"column":4},"end":{"line":49,"column":20}},"locations":[{"start":{"line":40,"column":4},"end":{"line":49,"column":20}}]},"11":{"type":"branch","line":49,"loc":{"start":{"line":49,"column":20},"end":{"line":67,"column":4}},"locations":[{"start":{"line":49,"column":20},"end":{"line":67,"column":4}}]},"12":{"type":"branch","line":67,"loc":{"start":{"line":67,"column":4},"end":{"line":80,"column":3}},"locations":[{"start":{"line":67,"column":4},"end":{"line":80,"column":3}}]},"13":{"type":"branch","line":83,"loc":{"start":{"line":83,"column":32},"end":{"line":101,"column":2}},"locations":[{"start":{"line":83,"column":32},"end":{"line":101,"column":2}}]},"14":{"type":"branch","line":97,"loc":{"start":{"line":97,"column":4},"end":{"line":100,"column":3}},"locations":[{"start":{"line":97,"column":4},"end":{"line":100,"column":3}}]},"15":{"type":"branch","line":103,"loc":{"start":{"line":103,"column":37},"end":{"line":135,"column":2}},"locations":[{"start":{"line":103,"column":37},"end":{"line":135,"column":2}}]},"16":{"type":"branch","line":107,"loc":{"start":{"line":107,"column":15},"end":{"line":109,"column":3}},"locations":[{"start":{"line":107,"column":15},"end":{"line":109,"column":3}}]},"17":{"type":"branch","line":124,"loc":{"start":{"line":124,"column":22},"end":{"line":128,"column":4}},"locations":[{"start":{"line":124,"column":22},"end":{"line":128,"column":4}}]},"18":{"type":"branch","line":128,"loc":{"start":{"line":128,"column":4},"end":{"line":134,"column":3}},"locations":[{"start":{"line":128,"column":4},"end":{"line":134,"column":3}}]},"19":{"type":"branch","line":137,"loc":{"start":{"line":137,"column":34},"end":{"line":169,"column":2}},"locations":[{"start":{"line":137,"column":34},"end":{"line":169,"column":2}}]},"20":{"type":"branch","line":141,"loc":{"start":{"line":141,"column":85},"end":{"line":143,"column":5}},"locations":[{"start":{"line":141,"column":85},"end":{"line":143,"column":5}}]},"21":{"type":"branch","line":143,"loc":{"start":{"line":143,"column":4},"end":{"line":149,"column":35}},"locations":[{"start":{"line":143,"column":4},"end":{"line":149,"column":35}}]},"22":{"type":"branch","line":149,"loc":{"start":{"line":149,"column":35},"end":{"line":162,"column":6}},"locations":[{"start":{"line":149,"column":35},"end":{"line":162,"column":6}}]},"23":{"type":"branch","line":162,"loc":{"start":{"line":162,"column":6},"end":{"line":168,"column":5}},"locations":[{"start":{"line":162,"column":6},"end":{"line":168,"column":5}}]}},"b":{"0":[7],"1":[1],"2":[6],"3":[1],"4":[5],"5":[1],"6":[4],"7":[1],"8":[3],"9":[1],"10":[2],"11":[1],"12":[0],"13":[1],"14":[0],"15":[2],"16":[0],"17":[1],"18":[0],"19":[3],"20":[1],"21":[2],"22":[1],"23":[0]},"fnMap":{"0":{"name":"Object.<anonymous>.exports.createCandidatura","decl":{"start":{"line":4,"column":28},"end":{"line":81,"column":2}},"loc":{"start":{"line":4,"column":28},"end":{"line":81,"column":2}},"line":4},"1":{"name":"Object.<anonymous>.exports.getMinhasCandidaturas","decl":{"start":{"line":83,"column":32},"end":{"line":101,"column":2}},"loc":{"start":{"line":83,"column":32},"end":{"line":101,"column":2}},"line":83},"2":{"name":"Object.<anonymous>.exports.getMinhaCandidaturaPorVaga","decl":{"start":{"line":103,"column":37},"end":{"line":135,"column":2}},"loc":{"start":{"line":103,"column":37},"end":{"line":135,"column":2}},"line":103},"3":{"name":"Object.<anonymous>.exports.updateCandidaturaStatus","decl":{"start":{"line":137,"column":34},"end":{"line":169,"column":2}},"loc":{"start":{"line":137,"column":34},"end":{"line":169,"column":2}},"line":137}},"f":{"0":7,"1":1,"2":2,"3":3}}
,"C:\\Users\\Robert Silva\\Documents\\EUERN v1\\Gest-o-de-est-gio\\backend\\src\\controllers\\documento.controller.js": {"path":"C:\\Users\\Robert Silva\\Documents\\EUERN v1\\Gest-o-de-est-gio\\backend\\src\\controllers\\documento.controller.js","all":false,"statementMap":{"0":{"start":{"line":1,"column":0},"end":{"line":1,"column":42}},"1":{"start":{"line":2,"column":0},"end":{"line":2,"column":25}},"2":{"start":{"line":3,"column":0},"end":{"line":3,"column":29}},"3":{"start":{"line":4,"column":0},"end":{"line":4,"column":61}},"4":{"start":{"line":5,"column":0},"end":{"line":5,"column":0}},"5":{"start":{"line":6,"column":0},"end":{"line":6,"column":23}},"6":{"start":{"line":7,"column":0},"end":{"line":7,"column":56}},"7":{"start":{"line":8,"column":0},"end":{"line":8,"column":0}},"8":{"start":{"line":9,"column":0},"end":{"line":9,"column":38}},"9":{"start":{"line":10,"column":0},"end":{"line":10,"column":47}},"10":{"start":{"line":11,"column":0},"end":{"line":11,"column":30}},"11":{"start":{"line":12,"column":0},"end":{"line":12,"column":90}},"12":{"start":{"line":13,"column":0},"end":{"line":13,"column":0}},"13":{"start":{"line":14,"column":0},"end":{"line":14,"column":18}},"14":{"start":{"line":15,"column":0},"end":{"line":15,"column":74}},"15":{"start":{"line":16,"column":0},"end":{"line":16,"column":3}},"16":{"start":{"line":17,"column":0},"end":{"line":17,"column":0}},"17":{"start":{"line":18,"column":0},"end":{"line":18,"column":61}},"18":{"start":{"line":19,"column":0},"end":{"line":19,"column":77}},"19":{"start":{"line":20,"column":0},"end":{"line":20,"column":33}},"20":{"start":{"line":21,"column":0},"end":{"line":21,"column":121}},"21":{"start":{"line":22,"column":0},"end":{"line":22,"column":3}},"22":{"start":{"line":23,"column":0},"end":{"line":23,"column":0}},"23":{"start":{"line":24,"column":0},"end":{"line":24,"column":7}},"24":{"start":{"line":25,"column":0},"end":{"line":25,"column":72}},"25":{"start":{"line":26,"column":0},"end":{"line":26,"column":63}},"26":{"start":{"line":27,"column":0},"end":{"line":27,"column":16}},"27":{"start":{"line":28,"column":0},"end":{"line":28,"column":30}},"28":{"start":{"line":29,"column":0},"end":{"line":29,"column":22}},"29":{"start":{"line":30,"column":0},"end":{"line":30,"column":9}},"30":{"start":{"line":31,"column":0},"end":{"line":31,"column":7}},"31":{"start":{"line":32,"column":0},"end":{"line":32,"column":0}},"32":{"start":{"line":33,"column":0},"end":{"line":33,"column":69}},"33":{"start":{"line":34,"column":0},"end":{"line":34,"column":27}},"34":{"start":{"line":35,"column":0},"end":{"line":35,"column":64}},"35":{"start":{"line":36,"column":0},"end":{"line":36,"column":140}},"36":{"start":{"line":37,"column":0},"end":{"line":37,"column":41}},"37":{"start":{"line":38,"column":0},"end":{"line":38,"column":17}},"38":{"start":{"line":39,"column":0},"end":{"line":39,"column":43}},"39":{"start":{"line":40,"column":0},"end":{"line":40,"column":35}},"40":{"start":{"line":41,"column":0},"end":{"line":41,"column":78}},"41":{"start":{"line":42,"column":0},"end":{"line":42,"column":86}},"42":{"start":{"line":43,"column":0},"end":{"line":43,"column":13}},"43":{"start":{"line":44,"column":0},"end":{"line":44,"column":9}},"44":{"start":{"line":45,"column":0},"end":{"line":45,"column":0}},"45":{"start":{"line":46,"column":0},"end":{"line":46,"column":64}},"46":{"start":{"line":47,"column":0},"end":{"line":47,"column":47}},"47":{"start":{"line":48,"column":0},"end":{"line":48,"column":19}},"48":{"start":{"line":49,"column":0},"end":{"line":49,"column":93}},"49":{"start":{"line":50,"column":0},"end":{"line":50,"column":53}},"50":{"start":{"line":51,"column":0},"end":{"line":51,"column":40}},"51":{"start":{"line":52,"column":0},"end":{"line":52,"column":14}},"52":{"start":{"line":53,"column":0},"end":{"line":53,"column":11}},"53":{"start":{"line":54,"column":0},"end":{"line":54,"column":114}},"54":{"start":{"line":55,"column":0},"end":{"line":55,"column":0}},"55":{"start":{"line":56,"column":0},"end":{"line":56,"column":12}},"56":{"start":{"line":57,"column":0},"end":{"line":57,"column":48}},"57":{"start":{"line":58,"column":0},"end":{"line":58,"column":61}},"58":{"start":{"line":59,"column":0},"end":{"line":59,"column":17}},"59":{"start":{"line":60,"column":0},"end":{"line":60,"column":20}},"60":{"start":{"line":61,"column":0},"end":{"line":61,"column":39}},"61":{"start":{"line":62,"column":0},"end":{"line":62,"column":14}},"62":{"start":{"line":63,"column":0},"end":{"line":63,"column":23}},"63":{"start":{"line":64,"column":0},"end":{"line":64,"column":89}},"64":{"start":{"line":65,"column":0},"end":{"line":65,"column":49}},"65":{"start":{"line":66,"column":0},"end":{"line":66,"column":12}},"66":{"start":{"line":67,"column":0},"end":{"line":67,"column":11}},"67":{"start":{"line":68,"column":0},"end":{"line":68,"column":119}},"68":{"start":{"line":69,"column":0},"end":{"line":69,"column":5}},"69":{"start":{"line":70,"column":0},"end":{"line":70,"column":0}},"70":{"start":{"line":71,"column":0},"end":{"line":71,"column":19}},"71":{"start":{"line":72,"column":0},"end":{"line":72,"column":63}},"72":{"start":{"line":73,"column":0},"end":{"line":73,"column":60}},"73":{"start":{"line":74,"column":0},"end":{"line":74,"column":33}},"74":{"start":{"line":75,"column":0},"end":{"line":75,"column":73}},"75":{"start":{"line":76,"column":0},"end":{"line":76,"column":3}},"76":{"start":{"line":77,"column":0},"end":{"line":77,"column":2}},"77":{"start":{"line":78,"column":0},"end":{"line":78,"column":0}},"78":{"start":{"line":79,"column":0},"end":{"line":79,"column":41}},"79":{"start":{"line":80,"column":0},"end":{"line":80,"column":49}},"80":{"start":{"line":81,"column":0},"end":{"line":81,"column":30}},"81":{"start":{"line":82,"column":0},"end":{"line":82,"column":0}},"82":{"start":{"line":83,"column":0},"end":{"line":83,"column":7}},"83":{"start":{"line":84,"column":0},"end":{"line":84,"column":56}},"84":{"start":{"line":85,"column":0},"end":{"line":85,"column":35}},"85":{"start":{"line":86,"column":0},"end":{"line":86,"column":16}},"86":{"start":{"line":87,"column":0},"end":{"line":87,"column":28}},"87":{"start":{"line":88,"column":0},"end":{"line":88,"column":8}},"88":{"start":{"line":89,"column":0},"end":{"line":89,"column":7}},"89":{"start":{"line":90,"column":0},"end":{"line":90,"column":25}},"90":{"start":{"line":91,"column":0},"end":{"line":91,"column":19}},"91":{"start":{"line":92,"column":0},"end":{"line":92,"column":55}},"92":{"start":{"line":93,"column":0},"end":{"line":93,"column":74}},"93":{"start":{"line":94,"column":0},"end":{"line":94,"column":3}},"94":{"start":{"line":95,"column":0},"end":{"line":95,"column":2}},"95":{"start":{"line":96,"column":0},"end":{"line":96,"column":0}},"96":{"start":{"line":97,"column":0},"end":{"line":97,"column":36}},"97":{"start":{"line":98,"column":0},"end":{"line":98,"column":47}},"98":{"start":{"line":99,"column":0},"end":{"line":99,"column":30}},"99":{"start":{"line":100,"column":0},"end":{"line":100,"column":47}},"100":{"start":{"line":101,"column":0},"end":{"line":101,"column":0}},"101":{"start":{"line":102,"column":0},"end":{"line":102,"column":7}},"102":{"start":{"line":103,"column":0},"end":{"line":103,"column":57}},"103":{"start":{"line":104,"column":0},"end":{"line":104,"column":20}},"104":{"start":{"line":105,"column":0},"end":{"line":105,"column":7}},"105":{"start":{"line":106,"column":0},"end":{"line":106,"column":0}},"106":{"start":{"line":107,"column":0},"end":{"line":107,"column":65}},"107":{"start":{"line":108,"column":0},"end":{"line":108,"column":55}},"108":{"start":{"line":109,"column":0},"end":{"line":109,"column":97}},"109":{"start":{"line":110,"column":0},"end":{"line":110,"column":5}},"110":{"start":{"line":111,"column":0},"end":{"line":111,"column":0}},"111":{"start":{"line":112,"column":0},"end":{"line":112,"column":31}},"112":{"start":{"line":113,"column":0},"end":{"line":113,"column":58}},"113":{"start":{"line":114,"column":0},"end":{"line":114,"column":34}},"114":{"start":{"line":115,"column":0},"end":{"line":115,"column":11}},"115":{"start":{"line":116,"column":0},"end":{"line":116,"column":34}},"116":{"start":{"line":117,"column":0},"end":{"line":117,"column":29}},"117":{"start":{"line":118,"column":0},"end":{"line":118,"column":72}},"118":{"start":{"line":119,"column":0},"end":{"line":119,"column":83}},"119":{"start":{"line":120,"column":0},"end":{"line":120,"column":84}},"120":{"start":{"line":121,"column":0},"end":{"line":121,"column":7}},"121":{"start":{"line":122,"column":0},"end":{"line":122,"column":5}},"122":{"start":{"line":123,"column":0},"end":{"line":123,"column":0}},"123":{"start":{"line":124,"column":0},"end":{"line":124,"column":43}},"124":{"start":{"line":125,"column":0},"end":{"line":125,"column":35}},"125":{"start":{"line":126,"column":0},"end":{"line":126,"column":20}},"126":{"start":{"line":127,"column":0},"end":{"line":127,"column":7}},"127":{"start":{"line":128,"column":0},"end":{"line":128,"column":0}},"128":{"start":{"line":129,"column":0},"end":{"line":129,"column":73}},"129":{"start":{"line":130,"column":0},"end":{"line":130,"column":0}},"130":{"start":{"line":131,"column":0},"end":{"line":131,"column":19}},"131":{"start":{"line":132,"column":0},"end":{"line":132,"column":55}},"132":{"start":{"line":133,"column":0},"end":{"line":133,"column":74}},"133":{"start":{"line":134,"column":0},"end":{"line":134,"column":3}},"134":{"start":{"line":135,"column":0},"end":{"line":135,"column":2}},"135":{"start":{"line":136,"column":0},"end":{"line":136,"column":0}},"136":{"start":{"line":137,"column":0},"end":{"line":137,"column":60}},"137":{"start":{"line":138,"column":0},"end":{"line":138,"column":49}},"138":{"start":{"line":139,"column":0},"end":{"line":139,"column":31}},"139":{"start":{"line":140,"column":0},"end":{"line":140,"column":35}},"140":{"start":{"line":141,"column":0},"end":{"line":141,"column":49}},"141":{"start":{"line":142,"column":0},"end":{"line":142,"column":0}},"142":{"start":{"line":143,"column":0},"end":{"line":143,"column":9}},"143":{"start":{"line":144,"column":0},"end":{"line":144,"column":61}},"144":{"start":{"line":145,"column":0},"end":{"line":145,"column":26}},"145":{"start":{"line":146,"column":0},"end":{"line":146,"column":11}},"146":{"start":{"line":147,"column":0},"end":{"line":147,"column":0}},"147":{"start":{"line":148,"column":0},"end":{"line":148,"column":25}},"148":{"start":{"line":149,"column":0},"end":{"line":149,"column":80}},"149":{"start":{"line":150,"column":0},"end":{"line":150,"column":9}},"150":{"start":{"line":151,"column":0},"end":{"line":151,"column":0}},"151":{"start":{"line":152,"column":0},"end":{"line":152,"column":105}},"152":{"start":{"line":153,"column":0},"end":{"line":153,"column":75}},"153":{"start":{"line":154,"column":0},"end":{"line":154,"column":106}},"154":{"start":{"line":155,"column":0},"end":{"line":155,"column":9}},"155":{"start":{"line":156,"column":0},"end":{"line":156,"column":0}},"156":{"start":{"line":157,"column":0},"end":{"line":157,"column":62}},"157":{"start":{"line":158,"column":0},"end":{"line":158,"column":0}},"158":{"start":{"line":159,"column":0},"end":{"line":159,"column":38}},"159":{"start":{"line":160,"column":0},"end":{"line":160,"column":70}},"160":{"start":{"line":161,"column":0},"end":{"line":161,"column":105}},"161":{"start":{"line":162,"column":0},"end":{"line":162,"column":121}},"162":{"start":{"line":163,"column":0},"end":{"line":163,"column":35}},"163":{"start":{"line":164,"column":0},"end":{"line":164,"column":16}},"164":{"start":{"line":165,"column":0},"end":{"line":165,"column":77}},"165":{"start":{"line":166,"column":0},"end":{"line":166,"column":90}},"166":{"start":{"line":167,"column":0},"end":{"line":167,"column":9}},"167":{"start":{"line":168,"column":0},"end":{"line":168,"column":0}},"168":{"start":{"line":169,"column":0},"end":{"line":169,"column":21}},"169":{"start":{"line":170,"column":0},"end":{"line":170,"column":65}},"170":{"start":{"line":171,"column":0},"end":{"line":171,"column":97}},"171":{"start":{"line":172,"column":0},"end":{"line":172,"column":5}},"172":{"start":{"line":173,"column":0},"end":{"line":173,"column":2}}},"s":{"0":1,"1":1,"2":1,"3":1,"4":1,"5":1,"6":1,"7":1,"8":1,"9":1,"10":4,"11":4,"12":4,"13":4,"14":1,"15":1,"16":3,"17":4,"18":1,"19":1,"20":1,"21":1,"22":2,"23":2,"24":2,"25":2,"26":2,"27":2,"28":2,"29":2,"30":2,"31":2,"32":2,"33":4,"34":1,"35":1,"36":1,"37":1,"38":1,"39":1,"40":0,"41":0,"42":0,"43":1,"44":1,"45":1,"46":1,"47":1,"48":1,"49":1,"50":1,"51":1,"52":1,"53":1,"54":1,"55":1,"56":1,"57":1,"58":1,"59":1,"60":1,"61":1,"62":1,"63":1,"64":1,"65":1,"66":1,"67":1,"68":1,"69":4,"70":4,"71":0,"72":0,"73":0,"74":0,"75":0,"76":4,"77":1,"78":1,"79":1,"80":0,"81":0,"82":0,"83":0,"84":0,"85":0,"86":0,"87":0,"88":0,"89":0,"90":0,"91":0,"92":0,"93":0,"94":0,"95":1,"96":1,"97":1,"98":2,"99":2,"100":2,"101":2,"102":2,"103":2,"104":2,"105":2,"106":2,"107":2,"108":1,"109":1,"110":1,"111":1,"112":1,"113":1,"114":1,"115":1,"116":1,"117":0,"118":0,"119":0,"120":0,"121":1,"122":1,"123":1,"124":1,"125":1,"126":1,"127":1,"128":1,"129":1,"130":2,"131":0,"132":0,"133":0,"134":2,"135":1,"136":1,"137":1,"138":3,"139":3,"140":3,"141":3,"142":3,"143":3,"144":3,"145":3,"146":3,"147":3,"148":0,"149":0,"150":3,"151":3,"152":3,"153":1,"154":1,"155":2,"156":2,"157":2,"158":2,"159":2,"160":2,"161":2,"162":2,"163":3,"164":0,"165":0,"166":0,"167":3,"168":3,"169":0,"170":0,"171":0,"172":3},"branchMap":{"0":{"type":"branch","line":10,"loc":{"start":{"line":10,"column":26},"end":{"line":77,"column":2}},"locations":[{"start":{"line":10,"column":26},"end":{"line":77,"column":2}}]},"1":{"type":"branch","line":14,"loc":{"start":{"line":14,"column":17},"end":{"line":16,"column":3}},"locations":[{"start":{"line":14,"column":17},"end":{"line":16,"column":3}}]},"2":{"type":"branch","line":16,"loc":{"start":{"line":16,"column":2},"end":{"line":18,"column":58}},"locations":[{"start":{"line":16,"column":2},"end":{"line":18,"column":58}}]},"3":{"type":"branch","line":18,"loc":{"start":{"line":18,"column":60},"end":{"line":22,"column":3}},"locations":[{"start":{"line":18,"column":60},"end":{"line":22,"column":3}}]},"4":{"type":"branch","line":22,"loc":{"start":{"line":22,"column":2},"end":{"line":34,"column":26}},"locations":[{"start":{"line":22,"column":2},"end":{"line":34,"column":26}}]},"5":{"type":"branch","line":34,"loc":{"start":{"line":34,"column":26},"end":{"line":69,"column":5}},"locations":[{"start":{"line":34,"column":26},"end":{"line":69,"column":5}}]},"6":{"type":"branch","line":40,"loc":{"start":{"line":40,"column":14},"end":{"line":43,"column":13}},"locations":[{"start":{"line":40,"column":14},"end":{"line":43,"column":13}}]},"7":{"type":"branch","line":71,"loc":{"start":{"line":71,"column":4},"end":{"line":76,"column":3}},"locations":[{"start":{"line":71,"column":4},"end":{"line":76,"column":3}}]},"8":{"type":"branch","line":98,"loc":{"start":{"line":98,"column":26},"end":{"line":135,"column":2}},"locations":[{"start":{"line":98,"column":26},"end":{"line":135,"column":2}}]},"9":{"type":"branch","line":108,"loc":{"start":{"line":108,"column":54},"end":{"line":131,"column":4}},"locations":[{"start":{"line":108,"column":54},"end":{"line":131,"column":4}}]},"10":{"type":"branch","line":117,"loc":{"start":{"line":117,"column":8},"end":{"line":121,"column":7}},"locations":[{"start":{"line":117,"column":8},"end":{"line":121,"column":7}}]},"11":{"type":"branch","line":131,"loc":{"start":{"line":131,"column":4},"end":{"line":134,"column":3}},"locations":[{"start":{"line":131,"column":4},"end":{"line":134,"column":3}}]},"12":{"type":"branch","line":138,"loc":{"start":{"line":138,"column":28},"end":{"line":173,"column":2}},"locations":[{"start":{"line":138,"column":28},"end":{"line":173,"column":2}}]},"13":{"type":"branch","line":148,"loc":{"start":{"line":148,"column":24},"end":{"line":150,"column":9}},"locations":[{"start":{"line":148,"column":24},"end":{"line":150,"column":9}}]},"14":{"type":"branch","line":153,"loc":{"start":{"line":153,"column":39},"end":{"line":153,"column":72}},"locations":[{"start":{"line":153,"column":39},"end":{"line":153,"column":72}}]},"15":{"type":"branch","line":153,"loc":{"start":{"line":153,"column":74},"end":{"line":155,"column":9}},"locations":[{"start":{"line":153,"column":74},"end":{"line":155,"column":9}}]},"16":{"type":"branch","line":155,"loc":{"start":{"line":155,"column":8},"end":{"line":164,"column":9}},"locations":[{"start":{"line":155,"column":8},"end":{"line":164,"column":9}}]},"17":{"type":"branch","line":164,"loc":{"start":{"line":164,"column":9},"end":{"line":167,"column":9}},"locations":[{"start":{"line":164,"column":9},"end":{"line":167,"column":9}}]},"18":{"type":"branch","line":169,"loc":{"start":{"line":169,"column":6},"end":{"line":172,"column":5}},"locations":[{"start":{"line":169,"column":6},"end":{"line":172,"column":5}}]}},"b":{"0":[4],"1":[1],"2":[3],"3":[1],"4":[2],"5":[1],"6":[0],"7":[0],"8":[2],"9":[1],"10":[0],"11":[0],"12":[3],"13":[0],"14":[2],"15":[1],"16":[2],"17":[0],"18":[0]},"fnMap":{"0":{"name":"Object.<anonymous>.exports.uploadDocumento","decl":{"start":{"line":10,"column":26},"end":{"line":77,"column":2}},"loc":{"start":{"line":10,"column":26},"end":{"line":77,"column":2}},"line":10},"1":{"name":"Object.<anonymous>.exports.getMeusDocumentos","decl":{"start":{"line":80,"column":28},"end":{"line":95,"column":2}},"loc":{"start":{"line":80,"column":28},"end":{"line":95,"column":2}},"line":80},"2":{"name":"Object.<anonymous>.exports.deleteDocumento","decl":{"start":{"line":98,"column":26},"end":{"line":135,"column":2}},"loc":{"start":{"line":98,"column":26},"end":{"line":135,"column":2}},"line":98},"3":{"name":"Object.<anonymous>.exports.downloadDocumento","decl":{"start":{"line":138,"column":28},"end":{"line":173,"column":2}},"loc":{"start":{"line":138,"column":28},"end":{"line":173,"column":2}},"line":138}},"f":{"0":4,"1":0,"2":2,"3":3}}
,"C:\\Users\\Robert Silva\\Documents\\EUERN v1\\Gest-o-de-est-gio\\backend\\src\\controllers\\notificacao.controller.js": {"path":"C:\\Users\\Robert Silva\\Documents\\EUERN v1\\Gest-o-de-est-gio\\backend\\src\\controllers\\notificacao.controller.js","all":false,"statementMap":{"0":{"start":{"line":1,"column":0},"end":{"line":1,"column":42}},"1":{"start":{"line":2,"column":0},"end":{"line":2,"column":0}},"2":{"start":{"line":3,"column":0},"end":{"line":3,"column":47}},"3":{"start":{"line":4,"column":0},"end":{"line":4,"column":79}},"4":{"start":{"line":5,"column":0},"end":{"line":5,"column":35}},"5":{"start":{"line":6,"column":0},"end":{"line":6,"column":0}},"6":{"start":{"line":7,"column":0},"end":{"line":7,"column":51}},"7":{"start":{"line":8,"column":0},"end":{"line":8,"column":104}},"8":{"start":{"line":9,"column":0},"end":{"line":9,"column":3}},"9":{"start":{"line":10,"column":0},"end":{"line":10,"column":0}},"10":{"start":{"line":11,"column":0},"end":{"line":11,"column":28}},"11":{"start":{"line":12,"column":0},"end":{"line":12,"column":0}},"12":{"start":{"line":13,"column":0},"end":{"line":13,"column":7}},"13":{"start":{"line":14,"column":0},"end":{"line":14,"column":46}},"14":{"start":{"line":15,"column":0},"end":{"line":15,"column":19}},"15":{"start":{"line":16,"column":0},"end":{"line":16,"column":107}},"16":{"start":{"line":17,"column":0},"end":{"line":17,"column":62}},"17":{"start":{"line":18,"column":0},"end":{"line":18,"column":14}},"18":{"start":{"line":19,"column":0},"end":{"line":19,"column":19}},"19":{"start":{"line":20,"column":0},"end":{"line":20,"column":34}},"20":{"start":{"line":21,"column":0},"end":{"line":21,"column":107}},"21":{"start":{"line":22,"column":0},"end":{"line":22,"column":9}},"22":{"start":{"line":23,"column":0},"end":{"line":23,"column":60}},"23":{"start":{"line":24,"column":0},"end":{"line":24,"column":65}},"24":{"start":{"line":25,"column":0},"end":{"line":25,"column":33}},"25":{"start":{"line":26,"column":0},"end":{"line":26,"column":11}},"26":{"start":{"line":27,"column":0},"end":{"line":27,"column":65}},"27":{"start":{"line":28,"column":0},"end":{"line":28,"column":14}},"28":{"start":{"line":29,"column":0},"end":{"line":29,"column":23}},"29":{"start":{"line":30,"column":0},"end":{"line":30,"column":34}},"30":{"start":{"line":31,"column":0},"end":{"line":31,"column":112}},"31":{"start":{"line":32,"column":0},"end":{"line":32,"column":9}},"32":{"start":{"line":33,"column":0},"end":{"line":33,"column":109}},"33":{"start":{"line":34,"column":0},"end":{"line":34,"column":33}},"34":{"start":{"line":35,"column":0},"end":{"line":35,"column":112}},"35":{"start":{"line":36,"column":0},"end":{"line":36,"column":9}},"36":{"start":{"line":37,"column":0},"end":{"line":37,"column":52}},"37":{"start":{"line":38,"column":0},"end":{"line":38,"column":14}},"38":{"start":{"line":39,"column":0},"end":{"line":39,"column":14}},"39":{"start":{"line":40,"column":0},"end":{"line":40,"column":126}},"40":{"start":{"line":41,"column":0},"end":{"line":41,"column":5}},"41":{"start":{"line":42,"column":0},"end":{"line":42,"column":0}},"42":{"start":{"line":43,"column":0},"end":{"line":43,"column":40}},"43":{"start":{"line":44,"column":0},"end":{"line":44,"column":119}},"44":{"start":{"line":45,"column":0},"end":{"line":45,"column":5}},"45":{"start":{"line":46,"column":0},"end":{"line":46,"column":4}},"46":{"start":{"line":47,"column":0},"end":{"line":47,"column":75}},"47":{"start":{"line":48,"column":0},"end":{"line":48,"column":13}},"48":{"start":{"line":49,"column":0},"end":{"line":49,"column":15}},"49":{"start":{"line":50,"column":0},"end":{"line":50,"column":35}},"50":{"start":{"line":51,"column":0},"end":{"line":51,"column":38}},"51":{"start":{"line":52,"column":0},"end":{"line":52,"column":8}},"52":{"start":{"line":53,"column":0},"end":{"line":53,"column":4}},"53":{"start":{"line":54,"column":0},"end":{"line":54,"column":41}},"54":{"start":{"line":55,"column":0},"end":{"line":55,"column":33}},"55":{"start":{"line":56,"column":0},"end":{"line":56,"column":7}},"56":{"start":{"line":57,"column":0},"end":{"line":57,"column":4}},"57":{"start":{"line":58,"column":0},"end":{"line":58,"column":115}},"58":{"start":{"line":59,"column":0},"end":{"line":59,"column":0}},"59":{"start":{"line":60,"column":0},"end":{"line":60,"column":19}},"60":{"start":{"line":61,"column":0},"end":{"line":61,"column":56}},"61":{"start":{"line":62,"column":0},"end":{"line":62,"column":107}},"62":{"start":{"line":63,"column":0},"end":{"line":63,"column":3}},"63":{"start":{"line":64,"column":0},"end":{"line":64,"column":2}},"64":{"start":{"line":65,"column":0},"end":{"line":65,"column":0}},"65":{"start":{"line":66,"column":0},"end":{"line":66,"column":53}},"66":{"start":{"line":67,"column":0},"end":{"line":67,"column":32}},"67":{"start":{"line":68,"column":0},"end":{"line":68,"column":9}},"68":{"start":{"line":69,"column":0},"end":{"line":69,"column":64}},"69":{"start":{"line":70,"column":0},"end":{"line":70,"column":48}},"70":{"start":{"line":71,"column":0},"end":{"line":71,"column":44}},"71":{"start":{"line":72,"column":0},"end":{"line":72,"column":73}},"72":{"start":{"line":73,"column":0},"end":{"line":73,"column":11}},"73":{"start":{"line":74,"column":0},"end":{"line":74,"column":31}},"74":{"start":{"line":75,"column":0},"end":{"line":75,"column":21}},"75":{"start":{"line":76,"column":0},"end":{"line":76,"column":80}},"76":{"start":{"line":77,"column":0},"end":{"line":77,"column":5}},"77":{"start":{"line":78,"column":0},"end":{"line":78,"column":2}},"78":{"start":{"line":79,"column":0},"end":{"line":79,"column":0}},"79":{"start":{"line":80,"column":0},"end":{"line":80,"column":42}},"80":{"start":{"line":81,"column":0},"end":{"line":81,"column":32}},"81":{"start":{"line":82,"column":0},"end":{"line":82,"column":30}},"82":{"start":{"line":83,"column":0},"end":{"line":83,"column":9}},"83":{"start":{"line":84,"column":0},"end":{"line":84,"column":61}},"84":{"start":{"line":85,"column":0},"end":{"line":85,"column":56}},"85":{"start":{"line":86,"column":0},"end":{"line":86,"column":33}},"86":{"start":{"line":87,"column":0},"end":{"line":87,"column":11}},"87":{"start":{"line":88,"column":0},"end":{"line":88,"column":34}},"88":{"start":{"line":89,"column":0},"end":{"line":89,"column":105}},"89":{"start":{"line":90,"column":0},"end":{"line":90,"column":9}},"90":{"start":{"line":91,"column":0},"end":{"line":91,"column":64}},"91":{"start":{"line":92,"column":0},"end":{"line":92,"column":21}},"92":{"start":{"line":93,"column":0},"end":{"line":93,"column":82}},"93":{"start":{"line":94,"column":0},"end":{"line":94,"column":5}},"94":{"start":{"line":95,"column":0},"end":{"line":95,"column":2}},"95":{"start":{"line":96,"column":0},"end":{"line":96,"column":0}},"96":{"start":{"line":97,"column":0},"end":{"line":97,"column":46}},"97":{"start":{"line":98,"column":0},"end":{"line":98,"column":31}},"98":{"start":{"line":99,"column":0},"end":{"line":99,"column":9}},"99":{"start":{"line":100,"column":0},"end":{"line":100,"column":64}},"100":{"start":{"line":101,"column":0},"end":{"line":101,"column":20}},"101":{"start":{"line":102,"column":0},"end":{"line":102,"column":52}},"102":{"start":{"line":103,"column":0},"end":{"line":103,"column":28}},"103":{"start":{"line":104,"column":0},"end":{"line":104,"column":14}},"104":{"start":{"line":105,"column":0},"end":{"line":105,"column":44}},"105":{"start":{"line":106,"column":0},"end":{"line":106,"column":21}},"106":{"start":{"line":107,"column":0},"end":{"line":107,"column":11}},"107":{"start":{"line":108,"column":0},"end":{"line":108,"column":43}},"108":{"start":{"line":109,"column":0},"end":{"line":109,"column":21}},"109":{"start":{"line":110,"column":0},"end":{"line":110,"column":82}},"110":{"start":{"line":111,"column":0},"end":{"line":111,"column":5}},"111":{"start":{"line":112,"column":0},"end":{"line":112,"column":2}},"112":{"start":{"line":113,"column":0},"end":{"line":113,"column":0}},"113":{"start":{"line":114,"column":0},"end":{"line":114,"column":52}},"114":{"start":{"line":115,"column":0},"end":{"line":115,"column":31}},"115":{"start":{"line":116,"column":0},"end":{"line":116,"column":9}},"116":{"start":{"line":117,"column":0},"end":{"line":117,"column":45}},"117":{"start":{"line":118,"column":0},"end":{"line":118,"column":20}},"118":{"start":{"line":119,"column":0},"end":{"line":119,"column":52}},"119":{"start":{"line":120,"column":0},"end":{"line":120,"column":28}},"120":{"start":{"line":121,"column":0},"end":{"line":121,"column":14}},"121":{"start":{"line":122,"column":0},"end":{"line":122,"column":33}},"122":{"start":{"line":123,"column":0},"end":{"line":123,"column":11}},"123":{"start":{"line":124,"column":0},"end":{"line":124,"column":79}},"124":{"start":{"line":125,"column":0},"end":{"line":125,"column":21}},"125":{"start":{"line":126,"column":0},"end":{"line":126,"column":75}},"126":{"start":{"line":127,"column":0},"end":{"line":127,"column":5}},"127":{"start":{"line":128,"column":0},"end":{"line":128,"column":2}},"128":{"start":{"line":129,"column":0},"end":{"line":129,"column":0}},"129":{"start":{"line":130,"column":0},"end":{"line":130,"column":49}},"130":{"start":{"line":131,"column":0},"end":{"line":131,"column":31}},"131":{"start":{"line":132,"column":0},"end":{"line":132,"column":45}},"132":{"start":{"line":133,"column":0},"end":{"line":133,"column":0}},"133":{"start":{"line":134,"column":0},"end":{"line":134,"column":9}},"134":{"start":{"line":135,"column":0},"end":{"line":135,"column":66}},"135":{"start":{"line":136,"column":0},"end":{"line":136,"column":20}},"136":{"start":{"line":137,"column":0},"end":{"line":137,"column":34}},"137":{"start":{"line":138,"column":0},"end":{"line":138,"column":40}},"138":{"start":{"line":139,"column":0},"end":{"line":139,"column":14}},"139":{"start":{"line":140,"column":0},"end":{"line":140,"column":11}},"140":{"start":{"line":141,"column":0},"end":{"line":141,"column":0}},"141":{"start":{"line":142,"column":0},"end":{"line":142,"column":39}},"142":{"start":{"line":143,"column":0},"end":{"line":143,"column":123}},"143":{"start":{"line":144,"column":0},"end":{"line":144,"column":9}},"144":{"start":{"line":145,"column":0},"end":{"line":145,"column":0}},"145":{"start":{"line":146,"column":0},"end":{"line":146,"column":79}},"146":{"start":{"line":147,"column":0},"end":{"line":147,"column":21}},"147":{"start":{"line":148,"column":0},"end":{"line":148,"column":61}},"148":{"start":{"line":149,"column":0},"end":{"line":149,"column":89}},"149":{"start":{"line":150,"column":0},"end":{"line":150,"column":5}},"150":{"start":{"line":151,"column":0},"end":{"line":151,"column":2}}},"s":{"0":1,"1":1,"2":1,"3":5,"4":5,"5":5,"6":5,"7":1,"8":1,"9":4,"10":4,"11":4,"12":4,"13":4,"14":5,"15":1,"16":1,"17":1,"18":5,"19":1,"20":0,"21":0,"22":1,"23":1,"24":1,"25":1,"26":1,"27":1,"28":5,"29":2,"30":0,"31":0,"32":2,"33":2,"34":1,"35":1,"36":1,"37":1,"38":5,"39":0,"40":5,"41":3,"42":5,"43":0,"44":0,"45":3,"46":3,"47":6,"48":6,"49":6,"50":6,"51":3,"52":3,"53":3,"54":3,"55":3,"56":3,"57":3,"58":3,"59":5,"60":0,"61":0,"62":0,"63":5,"64":1,"65":1,"66":1,"67":1,"68":1,"69":1,"70":1,"71":1,"72":1,"73":1,"74":1,"75":0,"76":0,"77":1,"78":1,"79":1,"80":0,"81":0,"82":0,"83":0,"84":0,"85":0,"86":0,"87":0,"88":0,"89":0,"90":0,"91":0,"92":0,"93":0,"94":0,"95":1,"96":1,"97":1,"98":1,"99":1,"100":1,"101":1,"102":1,"103":1,"104":1,"105":1,"106":1,"107":1,"108":1,"109":0,"110":0,"111":1,"112":1,"113":1,"114":0,"115":0,"116":0,"117":0,"118":0,"119":0,"120":0,"121":0,"122":0,"123":0,"124":0,"125":0,"126":0,"127":0,"128":1,"129":1,"130":2,"131":2,"132":2,"133":2,"134":2,"135":2,"136":2,"137":2,"138":2,"139":2,"140":2,"141":2,"142":1,"143":1,"144":1,"145":1,"146":2,"147":0,"148":0,"149":0,"150":2},"branchMap":{"0":{"type":"branch","line":3,"loc":{"start":{"line":3,"column":26},"end":{"line":64,"column":2}},"locations":[{"start":{"line":3,"column":26},"end":{"line":64,"column":2}}]},"1":{"type":"branch","line":7,"loc":{"start":{"line":7,"column":35},"end":{"line":7,"column":48}},"locations":[{"start":{"line":7,"column":35},"end":{"line":7,"column":48}}]},"2":{"type":"branch","line":7,"loc":{"start":{"line":7,"column":50},"end":{"line":9,"column":3}},"locations":[{"start":{"line":7,"column":50},"end":{"line":9,"column":3}}]},"3":{"type":"branch","line":9,"loc":{"start":{"line":9,"column":2},"end":{"line":15,"column":11}},"locations":[{"start":{"line":9,"column":2},"end":{"line":15,"column":11}}]},"4":{"type":"branch","line":15,"loc":{"start":{"line":15,"column":6},"end":{"line":18,"column":14}},"locations":[{"start":{"line":15,"column":6},"end":{"line":18,"column":14}}]},"5":{"type":"branch","line":19,"loc":{"start":{"line":19,"column":6},"end":{"line":28,"column":14}},"locations":[{"start":{"line":19,"column":6},"end":{"line":28,"column":14}}]},"6":{"type":"branch","line":20,"loc":{"start":{"line":20,"column":33},"end":{"line":22,"column":9}},"locations":[{"start":{"line":20,"column":33},"end":{"line":22,"column":9}}]},"7":{"type":"branch","line":29,"loc":{"start":{"line":29,"column":6},"end":{"line":38,"column":14}},"locations":[{"start":{"line":29,"column":6},"end":{"line":38,"column":14}}]},"8":{"type":"branch","line":30,"loc":{"start":{"line":30,"column":33},"end":{"line":32,"column":9}},"locations":[{"start":{"line":30,"column":33},"end":{"line":32,"column":9}}]},"9":{"type":"branch","line":34,"loc":{"start":{"line":34,"column":32},"end":{"line":38,"column":14}},"locations":[{"start":{"line":34,"column":32},"end":{"line":38,"column":14}}]},"10":{"type":"branch","line":39,"loc":{"start":{"line":39,"column":6},"end":{"line":40,"column":126}},"locations":[{"start":{"line":39,"column":6},"end":{"line":40,"column":126}}]},"11":{"type":"branch","line":41,"loc":{"start":{"line":41,"column":4},"end":{"line":43,"column":39}},"locations":[{"start":{"line":41,"column":4},"end":{"line":43,"column":39}}]},"12":{"type":"branch","line":43,"loc":{"start":{"line":43,"column":39},"end":{"line":45,"column":5}},"locations":[{"start":{"line":43,"column":39},"end":{"line":45,"column":5}}]},"13":{"type":"branch","line":45,"loc":{"start":{"line":45,"column":4},"end":{"line":60,"column":4}},"locations":[{"start":{"line":45,"column":4},"end":{"line":60,"column":4}}]},"14":{"type":"branch","line":60,"loc":{"start":{"line":60,"column":4},"end":{"line":63,"column":3}},"locations":[{"start":{"line":60,"column":4},"end":{"line":63,"column":3}}]},"15":{"type":"branch","line":17,"loc":{"start":{"line":17,"column":43},"end":{"line":17,"column":60}},"locations":[{"start":{"line":17,"column":43},"end":{"line":17,"column":60}}]},"16":{"type":"branch","line":27,"loc":{"start":{"line":27,"column":46},"end":{"line":27,"column":63}},"locations":[{"start":{"line":27,"column":46},"end":{"line":27,"column":63}}]},"17":{"type":"branch","line":47,"loc":{"start":{"line":47,"column":55},"end":{"line":52,"column":6}},"locations":[{"start":{"line":47,"column":55},"end":{"line":52,"column":6}}]},"18":{"type":"branch","line":66,"loc":{"start":{"line":66,"column":32},"end":{"line":78,"column":2}},"locations":[{"start":{"line":66,"column":32},"end":{"line":78,"column":2}}]},"19":{"type":"branch","line":75,"loc":{"start":{"line":75,"column":6},"end":{"line":77,"column":5}},"locations":[{"start":{"line":75,"column":6},"end":{"line":77,"column":5}}]},"20":{"type":"branch","line":97,"loc":{"start":{"line":97,"column":25},"end":{"line":112,"column":2}},"locations":[{"start":{"line":97,"column":25},"end":{"line":112,"column":2}}]},"21":{"type":"branch","line":109,"loc":{"start":{"line":109,"column":6},"end":{"line":111,"column":5}},"locations":[{"start":{"line":109,"column":6},"end":{"line":111,"column":5}}]},"22":{"type":"branch","line":130,"loc":{"start":{"line":130,"column":28},"end":{"line":151,"column":2}},"locations":[{"start":{"line":130,"column":28},"end":{"line":151,"column":2}}]},"23":{"type":"branch","line":142,"loc":{"start":{"line":142,"column":38},"end":{"line":147,"column":6}},"locations":[{"start":{"line":142,"column":38},"end":{"line":147,"column":6}}]},"24":{"type":"branch","line":147,"loc":{"start":{"line":147,"column":6},"end":{"line":150,"column":5}},"locations":[{"start":{"line":147,"column":6},"end":{"line":150,"column":5}}]}},"b":{"0":[5],"1":[4],"2":[1],"3":[4],"4":[1],"5":[1],"6":[0],"7":[2],"8":[0],"9":[1],"10":[0],"11":[3],"12":[0],"13":[3],"14":[0],"15":[3],"16":[2],"17":[6],"18":[1],"19":[0],"20":[1],"21":[0],"22":[2],"23":[1],"24":[0]},"fnMap":{"0":{"name":"Object.<anonymous>.exports.sendNotificacao","decl":{"start":{"line":3,"column":26},"end":{"line":64,"column":2}},"loc":{"start":{"line":3,"column":26},"end":{"line":64,"column":2}},"line":3},"1":{"name":"Object.<anonymous>.exports.getMinhasNotificacoes","decl":{"start":{"line":66,"column":32},"end":{"line":78,"column":2}},"loc":{"start":{"line":66,"column":32},"end":{"line":78,"column":2}},"line":66},"2":{"name":"Object.<anonymous>.exports.markAsRead","decl":{"start":{"line":80,"column":21},"end":{"line":95,"column":2}},"loc":{"start":{"line":80,"column":21},"end":{"line":95,"column":2}},"line":80},"3":{"name":"Object.<anonymous>.exports.listarNaoLidas","decl":{"start":{"line":97,"column":25},"end":{"line":112,"column":2}},"loc":{"start":{"line":97,"column":25},"end":{"line":112,"column":2}},"line":97},"4":{"name":"Object.<anonymous>.exports.marcarTodasComoLidas","decl":{"start":{"line":114,"column":31},"end":{"line":128,"column":2}},"loc":{"start":{"line":114,"column":31},"end":{"line":128,"column":2}},"line":114},"5":{"name":"Object.<anonymous>.exports.deleteNotificacao","decl":{"start":{"line":130,"column":28},"end":{"line":151,"column":2}},"loc":{"start":{"line":130,"column":28},"end":{"line":151,"column":2}},"line":130}},"f":{"0":5,"1":1,"2":0,"3":1,"4":0,"5":2}}
,"C:\\Users\\Robert Silva\\Documents\\EUERN v1\\Gest-o-de-est-gio\\backend\\src\\controllers\\user.controller.js": {"path":"C:\\Users\\Robert Silva\\Documents\\EUERN v1\\Gest-o-de-est-gio\\backend\\src\\controllers\\user.controller.js","all":false,"statementMap":{"0":{"start":{"line":1,"column":0},"end":{"line":1,"column":45}},"1":{"start":{"line":2,"column":0},"end":{"line":2,"column":0}},"2":{"start":{"line":3,"column":0},"end":{"line":3,"column":42}},"3":{"start":{"line":4,"column":0},"end":{"line":4,"column":33}},"4":{"start":{"line":5,"column":0},"end":{"line":5,"column":55}},"5":{"start":{"line":6,"column":0},"end":{"line":6,"column":0}},"6":{"start":{"line":7,"column":0},"end":{"line":7,"column":50}},"7":{"start":{"line":8,"column":0},"end":{"line":8,"column":35}},"8":{"start":{"line":9,"column":0},"end":{"line":9,"column":16}},"9":{"start":{"line":10,"column":0},"end":{"line":10,"column":26}},"10":{"start":{"line":11,"column":0},"end":{"line":11,"column":2}},"11":{"start":{"line":12,"column":0},"end":{"line":12,"column":0}},"12":{"start":{"line":13,"column":0},"end":{"line":13,"column":51}},"13":{"start":{"line":14,"column":0},"end":{"line":14,"column":40}},"14":{"start":{"line":15,"column":0},"end":{"line":15,"column":31}},"15":{"start":{"line":16,"column":0},"end":{"line":16,"column":0}},"16":{"start":{"line":17,"column":0},"end":{"line":17,"column":80}},"17":{"start":{"line":18,"column":0},"end":{"line":18,"column":34}},"18":{"start":{"line":19,"column":0},"end":{"line":19,"column":33}},"19":{"start":{"line":20,"column":0},"end":{"line":20,"column":90}},"20":{"start":{"line":21,"column":0},"end":{"line":21,"column":35}},"21":{"start":{"line":22,"column":0},"end":{"line":22,"column":14}},"22":{"start":{"line":23,"column":0},"end":{"line":23,"column":4}},"23":{"start":{"line":24,"column":0},"end":{"line":24,"column":0}},"24":{"start":{"line":25,"column":0},"end":{"line":25,"column":39}},"25":{"start":{"line":26,"column":0},"end":{"line":26,"column":49}},"26":{"start":{"line":27,"column":0},"end":{"line":27,"column":48}},"27":{"start":{"line":28,"column":0},"end":{"line":28,"column":57}},"28":{"start":{"line":29,"column":0},"end":{"line":29,"column":70}},"29":{"start":{"line":30,"column":0},"end":{"line":30,"column":11}},"30":{"start":{"line":31,"column":0},"end":{"line":31,"column":52}},"31":{"start":{"line":32,"column":0},"end":{"line":32,"column":0}},"32":{"start":{"line":33,"column":0},"end":{"line":33,"column":20}},"33":{"start":{"line":34,"column":0},"end":{"line":34,"column":2}},"34":{"start":{"line":35,"column":0},"end":{"line":35,"column":0}},"35":{"start":{"line":36,"column":0},"end":{"line":36,"column":37}},"36":{"start":{"line":37,"column":0},"end":{"line":37,"column":46}},"37":{"start":{"line":38,"column":0},"end":{"line":38,"column":29}},"38":{"start":{"line":39,"column":0},"end":{"line":39,"column":7}},"39":{"start":{"line":40,"column":0},"end":{"line":40,"column":53}},"40":{"start":{"line":41,"column":0},"end":{"line":41,"column":28}},"41":{"start":{"line":42,"column":0},"end":{"line":42,"column":15}},"42":{"start":{"line":43,"column":0},"end":{"line":43,"column":77}},"43":{"start":{"line":44,"column":0},"end":{"line":44,"column":73}},"44":{"start":{"line":45,"column":0},"end":{"line":45,"column":84}},"45":{"start":{"line":46,"column":0},"end":{"line":46,"column":21}},"46":{"start":{"line":47,"column":0},"end":{"line":47,"column":95}},"47":{"start":{"line":48,"column":0},"end":{"line":48,"column":42}},"48":{"start":{"line":49,"column":0},"end":{"line":49,"column":9}},"49":{"start":{"line":50,"column":0},"end":{"line":50,"column":7}},"50":{"start":{"line":51,"column":0},"end":{"line":51,"column":7}},"51":{"start":{"line":52,"column":0},"end":{"line":52,"column":0}},"52":{"start":{"line":53,"column":0},"end":{"line":53,"column":22}},"53":{"start":{"line":54,"column":0},"end":{"line":54,"column":72}},"54":{"start":{"line":55,"column":0},"end":{"line":55,"column":5}},"55":{"start":{"line":56,"column":0},"end":{"line":56,"column":53}},"56":{"start":{"line":57,"column":0},"end":{"line":57,"column":19}},"57":{"start":{"line":58,"column":0},"end":{"line":58,"column":62}},"58":{"start":{"line":59,"column":0},"end":{"line":59,"column":74}},"59":{"start":{"line":60,"column":0},"end":{"line":60,"column":3}},"60":{"start":{"line":61,"column":0},"end":{"line":61,"column":2}},"61":{"start":{"line":62,"column":0},"end":{"line":62,"column":0}},"62":{"start":{"line":63,"column":0},"end":{"line":63,"column":50}},"63":{"start":{"line":64,"column":0},"end":{"line":64,"column":49}},"64":{"start":{"line":65,"column":0},"end":{"line":65,"column":34}},"65":{"start":{"line":66,"column":0},"end":{"line":66,"column":9}},"66":{"start":{"line":67,"column":0},"end":{"line":67,"column":75}},"67":{"start":{"line":68,"column":0},"end":{"line":68,"column":70}},"68":{"start":{"line":69,"column":0},"end":{"line":69,"column":15}},"69":{"start":{"line":70,"column":0},"end":{"line":70,"column":0}},"70":{"start":{"line":71,"column":0},"end":{"line":71,"column":7}},"71":{"start":{"line":72,"column":0},"end":{"line":72,"column":81}},"72":{"start":{"line":73,"column":0},"end":{"line":73,"column":24}},"73":{"start":{"line":74,"column":0},"end":{"line":74,"column":72}},"74":{"start":{"line":75,"column":0},"end":{"line":75,"column":5}},"75":{"start":{"line":76,"column":0},"end":{"line":76,"column":0}},"76":{"start":{"line":77,"column":0},"end":{"line":77,"column":28}},"77":{"start":{"line":78,"column":0},"end":{"line":78,"column":80}},"78":{"start":{"line":79,"column":0},"end":{"line":79,"column":59}},"79":{"start":{"line":80,"column":0},"end":{"line":80,"column":121}},"80":{"start":{"line":81,"column":0},"end":{"line":81,"column":74}},"81":{"start":{"line":82,"column":0},"end":{"line":82,"column":0}},"82":{"start":{"line":83,"column":0},"end":{"line":83,"column":47}},"83":{"start":{"line":84,"column":0},"end":{"line":84,"column":52}},"84":{"start":{"line":85,"column":0},"end":{"line":85,"column":58}},"85":{"start":{"line":86,"column":0},"end":{"line":86,"column":95}},"86":{"start":{"line":87,"column":0},"end":{"line":87,"column":70}},"87":{"start":{"line":88,"column":0},"end":{"line":88,"column":5}},"88":{"start":{"line":89,"column":0},"end":{"line":89,"column":4}},"89":{"start":{"line":90,"column":0},"end":{"line":90,"column":76}},"90":{"start":{"line":91,"column":0},"end":{"line":91,"column":100}},"91":{"start":{"line":92,"column":0},"end":{"line":92,"column":57}},"92":{"start":{"line":93,"column":0},"end":{"line":93,"column":87}},"93":{"start":{"line":94,"column":0},"end":{"line":94,"column":7}},"94":{"start":{"line":95,"column":0},"end":{"line":95,"column":47}},"95":{"start":{"line":96,"column":0},"end":{"line":96,"column":5}},"96":{"start":{"line":97,"column":0},"end":{"line":97,"column":0}},"97":{"start":{"line":98,"column":0},"end":{"line":98,"column":21}},"98":{"start":{"line":99,"column":0},"end":{"line":99,"column":115}},"99":{"start":{"line":100,"column":0},"end":{"line":100,"column":121}},"100":{"start":{"line":101,"column":0},"end":{"line":101,"column":120}},"101":{"start":{"line":102,"column":0},"end":{"line":102,"column":77}},"102":{"start":{"line":103,"column":0},"end":{"line":103,"column":85}},"103":{"start":{"line":104,"column":0},"end":{"line":104,"column":44}},"104":
[...]
3}},"locations":[{"start":{"line":15,"column":55},"end":{"line":15,"column":73}}]},"4":{"type":"branch","line":15,"loc":{"start":{"line":15,"column":73},"end":{"line":15,"column":92}},"locations":[{"start":{"line":15,"column":73},"end":{"line":15,"column":92}}]},"5":{"type":"branch","line":15,"loc":{"start":{"line":15,"column":94},"end":{"line":24,"column":47}},"locations":[{"start":{"line":15,"column":94},"end":{"line":24,"column":47}}]},"6":{"type":"branch","line":24,"loc":{"start":{"line":24,"column":43},"end":{"line":24,"column":51}},"locations":[{"start":{"line":24,"column":43},"end":{"line":24,"column":51}}]},"7":{"type":"branch","line":25,"loc":{"start":{"line":25,"column":26},"end":{"line":25,"column":34}},"locations":[{"start":{"line":25,"column":26},"end":{"line":25,"column":34}}]},"8":{"type":"branch","line":25,"loc":{"start":{"line":25,"column":54},"end":{"line":25,"column":62}},"locations":[{"start":{"line":25,"column":54},"end":{"line":25,"column":62}}]},"9":{"type":"branch","line":26,"loc":{"start":{"line":26,"column":36},"end":{"line":26,"column":66}},"locations":[{"start":{"line":26,"column":36},"end":{"line":26,"column":66}}]},"10":{"type":"branch","line":26,"loc":{"start":{"line":26,"column":66},"end":{"line":26,"column":73}},"locations":[{"start":{"line":26,"column":66},"end":{"line":26,"column":73}}]},"11":{"type":"branch","line":27,"loc":{"start":{"line":27,"column":30},"end":{"line":27,"column":38}},"locations":[{"start":{"line":27,"column":30},"end":{"line":27,"column":38}}]},"12":{"type":"branch","line":27,"loc":{"start":{"line":27,"column":62},"end":{"line":27,"column":70}},"locations":[{"start":{"line":27,"column":62},"end":{"line":27,"column":70}}]},"13":{"type":"branch","line":29,"loc":{"start":{"line":29,"column":34},"end":{"line":29,"column":51}},"locations":[{"start":{"line":29,"column":34},"end":{"line":29,"column":51}}]},"14":{"type":"branch","line":29,"loc":{"start":{"line":29,"column":51},"end":{"line":29,"column":58}},"locations":[{"start":{"line":29,"column":51},"end":{"line":29,"column":58}}]},"15":{"type":"branch","line":30,"loc":{"start":{"line":30,"column":40},"end":{"line":30,"column":48}},"locations":[{"start":{"line":30,"column":40},"end":{"line":30,"column":48}}]},"16":{"type":"branch","line":31,"loc":{"start":{"line":31,"column":38},"end":{"line":31,"column":69}},"locations":[{"start":{"line":31,"column":38},"end":{"line":31,"column":69}}]},"17":{"type":"branch","line":31,"loc":{"start":{"line":31,"column":69},"end":{"line":31,"column":76}},"locations":[{"start":{"line":31,"column":69},"end":{"line":31,"column":76}}]},"18":{"type":"branch","line":32,"loc":{"start":{"line":32,"column":20},"end":{"line":32,"column":28}},"locations":[{"start":{"line":32,"column":20},"end":{"line":32,"column":28}}]},"19":{"type":"branch","line":32,"loc":{"start":{"line":32,"column":44},"end":{"line":32,"column":52}},"locations":[{"start":{"line":32,"column":44},"end":{"line":32,"column":52}}]},"20":{"type":"branch","line":32,"loc":{"start":{"line":32,"column":78},"end":{"line":32,"column":86}},"locations":[{"start":{"line":32,"column":78},"end":{"line":32,"column":86}}]},"21":{"type":"branch","line":35,"loc":{"start":{"line":35,"column":6},"end":{"line":37,"column":4}},"locations":[{"start":{"line":35,"column":6},"end":{"line":37,"column":4}}]},"22":{"type":"branch","line":37,"loc":{"start":{"line":37,"column":4},"end":{"line":49,"column":3}},"locations":[{"start":{"line":37,"column":4},"end":{"line":49,"column":3}}]},"23":{"type":"branch","line":53,"loc":{"start":{"line":53,"column":22},"end":{"line":73,"column":2}},"locations":[{"start":{"line":53,"column":22},"end":{"line":73,"column":2}}]},"24":{"type":"branch","line":69,"loc":{"start":{"line":69,"column":4},"end":{"line":72,"column":3}},"locations":[{"start":{"line":69,"column":4},"end":{"line":72,"column":3}}]},"25":{"type":"branch","line":76,"loc":{"start":{"line":76,"column":32},"end":{"line":100,"column":2}},"locations":[{"start":{"line":76,"column":32},"end":{"line":100,"column":2}}]},"26":{"type":"branch","line":96,"loc":{"start":{"line":96,"column":4},"end":{"line":99,"column":3}},"locations":[{"start":{"line":96,"column":4},"end":{"line":99,"column":3}}]},"27":{"type":"branch","line":103,"loc":{"start":{"line":103,"column":22},"end":{"line":123,"column":2}},"locations":[{"start":{"line":103,"column":22},"end":{"line":123,"column":2}}]},"28":{"type":"branch","line":112,"loc":{"start":{"line":112,"column":15},"end":{"line":116,"column":4}},"locations":[{"start":{"line":112,"column":15},"end":{"line":116,"column":4}}]},"29":{"type":"branch","line":116,"loc":{"start":{"line":116,"column":4},"end":{"line":122,"column":3}},"locations":[{"start":{"line":116,"column":4},"end":{"line":122,"column":3}}]},"30":{"type":"branch","line":126,"loc":{"start":{"line":126,"column":21},"end":{"line":167,"column":2}},"locations":[{"start":{"line":126,"column":21},"end":{"line":167,"column":2}}]},"31":{"type":"branch","line":138,"loc":{"start":{"line":138,"column":34},"end":{"line":138,"column":64}},"locations":[{"start":{"line":138,"column":34},"end":{"line":138,"column":64}}]},"32":{"type":"branch","line":140,"loc":{"start":{"line":140,"column":34},"end":{"line":140,"column":60}},"locations":[{"start":{"line":140,"column":34},"end":{"line":140,"column":60}}]},"33":{"type":"branch","line":141,"loc":{"start":{"line":141,"column":39},"end":{"line":141,"column":66}},"locations":[{"start":{"line":141,"column":39},"end":{"line":141,"column":66}}]},"34":{"type":"branch","line":142,"loc":{"start":{"line":142,"column":32},"end":{"line":142,"column":49}},"locations":[{"start":{"line":142,"column":32},"end":{"line":142,"column":49}}]},"35":{"type":"branch","line":144,"loc":{"start":{"line":144,"column":36},"end":{"line":144,"column":67}},"locations":[{"start":{"line":144,"column":36},"end":{"line":144,"column":67}}]},"36":{"type":"branch","line":149,"loc":{"start":{"line":149,"column":48},"end":{"line":151,"column":5}},"locations":[{"start":{"line":149,"column":48},"end":{"line":151,"column":5}}]},"37":{"type":"branch","line":155,"loc":{"start":{"line":155,"column":6},"end":{"line":166,"column":3}},"locations":[{"start":{"line":155,"column":6},"end":{"line":166,"column":3}}]},"38":{"type":"branch","line":161,"loc":{"start":{"line":161,"column":4},"end":{"line":166,"column":3}},"locations":[{"start":{"line":161,"column":4},"end":{"line":166,"column":3}}]},"39":{"type":"branch","line":147,"loc":{"start":{"line":147,"column":38},"end":{"line":147,"column":104}},"locations":[{"start":{"line":147,"column":38},"end":{"line":147,"column":104}}]},"40":{"type":"branch","line":147,"loc":{"start":{"line":147,"column":76},"end":{"line":147,"column":104}},"locations":[{"start":{"line":147,"column":76},"end":{"line":147,"column":104}}]},"41":{"type":"branch","line":170,"loc":{"start":{"line":170,"column":21},"end":{"line":183,"column":2}},"locations":[{"start":{"line":170,"column":21},"end":{"line":183,"column":2}}]},"42":{"type":"branch","line":174,"loc":{"start":{"line":174,"column":51},"end":{"line":182,"column":3}},"locations":[{"start":{"line":174,"column":51},"end":{"line":182,"column":3}}]},"43":{"type":"branch","line":180,"loc":{"start":{"line":180,"column":4},"end":{"line":182,"column":3}},"locations":[{"start":{"line":180,"column":4},"end":{"line":182,"column":3}}]},"44":{"type":"branch","line":186,"loc":{"start":{"line":186,"column":30},"end":{"line":205,"column":2}},"locations":[{"start":{"line":186,"column":30},"end":{"line":205,"column":2}}]},"45":{"type":"branch","line":190,"loc":{"start":{"line":190,"column":25},"end":{"line":201,"column":6}},"locations":[{"start":{"line":190,"column":25},"end":{"line":201,"column":6}}]},"46":{"type":"branch","line":201,"loc":{"start":{"line":201,"column":6},"end":{"line":204,"column":5}},"locations":[{"start":{"line":201,"column":6},"end":{"line":204,"column":5}}]}},"b":{"0":[2],"1":[1],"2":[1],"3":[1],"4":[1],"5":[1],"6":[0],"7":[0],"8":[1],"9":[0],"10":[1],"11":[1],"12":[1],"13":[0],"14":[1],"15":[1],"16":[0],"17":[1],"18":[1],"19":[1],"20":[1],"21":[1],"22":[0],"23":[1],"24":[0],"25":[1],"26":[0],"27":[2],"28":[1],"29":[0],"30":[2],"31":[0],"32":[0],"33":[0],"34":[0],"35":[0],"36":[0],"37":[1],"38":[0],"39":[32],"40":[28],"41":[2],"42":[1],"43":[0],"44":[2],"45":[1],"46":[0]},"fnMap":{"0":{"name":"Object.<anonymous>.exports.createVaga","decl":{"start":{"line":7,"column":21},"end":{"line":50,"column":2}},"loc":{"start":{"line":7,"column":21},"end":{"line":50,"column":2}},"line":7},"1":{"name":"Object.<anonymous>.exports.getAllVagas","decl":{"start":{"line":53,"column":22},"end":{"line":73,"column":2}},"loc":{"start":{"line":53,"column":22},"end":{"line":73,"column":2}},"line":53},"2":{"name":"Object.<anonymous>.exports.getMinhasVagasTecnico","decl":{"start":{"line":76,"column":32},"end":{"line":100,"column":2}},"loc":{"start":{"line":76,"column":32},"end":{"line":100,"column":2}},"line":76},"3":{"name":"Object.<anonymous>.exports.getVagaById","decl":{"start":{"line":103,"column":22},"end":{"line":123,"column":2}},"loc":{"start":{"line":103,"column":22},"end":{"line":123,"column":2}},"line":103},"4":{"name":"Object.<anonymous>.exports.updateVaga","decl":{"start":{"line":126,"column":21},"end":{"line":167,"column":2}},"loc":{"start":{"line":126,"column":21},"end":{"line":167,"column":2}},"line":126},"5":{"name":"Object.<anonymous>.exports.deleteVaga","decl":{"start":{"line":170,"column":21},"end":{"line":183,"column":2}},"loc":{"start":{"line":170,"column":21},"end":{"line":183,"column":2}},"line":170},"6":{"name":"Object.<anonymous>.exports.getVagaCandidaturas","decl":{"start":{"line":186,"column":30},"end":{"line":205,"column":2}},"loc":{"start":{"line":186,"column":30},"end":{"line":205,"column":2}},"line":186}},"f":{"0":2,"1":1,"2":1,"3":2,"4":2,"5":2,"6":2}}
,"C:\\Users\\Robert Silva\\Documents\\EUERN v1\\Gest-o-de-est-gio\\backend\\src\\middlewares\\auth.middleware.js": {"path":"C:\\Users\\Robert Silva\\Documents\\EUERN v1\\Gest-o-de-est-gio\\backend\\src\\middlewares\\auth.middleware.js","all":false,"statementMap":{"0":{"start":{"line":1,"column":0},"end":{"line":1,"column":36}},"1":{"start":{"line":2,"column":0},"end":{"line":2,"column":42}},"2":{"start":{"line":3,"column":0},"end":{"line":3,"column":0}},"3":{"start":{"line":4,"column":0},"end":{"line":4,"column":42}},"4":{"start":{"line":5,"column":0},"end":{"line":5,"column":0}},"5":{"start":{"line":6,"column":0},"end":{"line":6,"column":49}},"6":{"start":{"line":7,"column":0},"end":{"line":7,"column":50}},"7":{"start":{"line":8,"column":0},"end":{"line":8,"column":71}},"8":{"start":{"line":9,"column":0},"end":{"line":9,"column":0}},"9":{"start":{"line":10,"column":0},"end":{"line":10,"column":22}},"10":{"start":{"line":11,"column":0},"end":{"line":11,"column":66}},"11":{"start":{"line":12,"column":0},"end":{"line":12,"column":3}},"12":{"start":{"line":13,"column":0},"end":{"line":13,"column":0}},"13":{"start":{"line":14,"column":0},"end":{"line":14,"column":51}},"14":{"start":{"line":15,"column":0},"end":{"line":15,"column":14}},"15":{"start":{"line":16,"column":0},"end":{"line":16,"column":58}},"16":{"start":{"line":17,"column":0},"end":{"line":17,"column":72}},"17":{"start":{"line":18,"column":0},"end":{"line":18,"column":5}},"18":{"start":{"line":19,"column":0},"end":{"line":19,"column":73}},"19":{"start":{"line":20,"column":0},"end":{"line":20,"column":29}},"20":{"start":{"line":21,"column":0},"end":{"line":21,"column":54}},"21":{"start":{"line":22,"column":0},"end":{"line":22,"column":5}},"22":{"start":{"line":23,"column":0},"end":{"line":23,"column":2}},"23":{"start":{"line":24,"column":0},"end":{"line":24,"column":0}},"24":{"start":{"line":25,"column":0},"end":{"line":25,"column":51}},"25":{"start":{"line":26,"column":0},"end":{"line":26,"column":43}},"26":{"start":{"line":27,"column":0},"end":{"line":27,"column":30}},"27":{"start":{"line":28,"column":0},"end":{"line":28,"column":54}},"28":{"start":{"line":29,"column":0},"end":{"line":29,"column":87}},"29":{"start":{"line":30,"column":0},"end":{"line":30,"column":5}},"30":{"start":{"line":31,"column":0},"end":{"line":31,"column":11}},"31":{"start":{"line":32,"column":0},"end":{"line":32,"column":4}},"32":{"start":{"line":33,"column":0},"end":{"line":33,"column":2}}},"s":{"0":1,"1":1,"2":1,"3":1,"4":1,"5":1,"6":4,"7":4,"8":4,"9":4,"10":2,"11":2,"12":2,"13":2,"14":2,"15":1,"16":1,"17":1,"18":1,"19":1,"20":1,"21":2,"22":2,"23":1,"24":1,"25":1,"26":3,"27":3,"28":2,"29":2,"30":1,"31":3,"32":3},"branchMap":{"0":{"type":"branch","line":6,"loc":{"start":{"line":6,"column":28},"end":{"line":23,"column":2}},"locations":[{"start":{"line":6,"column":28},"end":{"line":23,"column":2}}]},"1":{"type":"branch","line":8,"loc":{"start":{"line":8,"column":26},"end":{"line":8,"column":54}},"locations":[{"start":{"line":8,"column":26},"end":{"line":8,"column":54}}]},"2":{"type":"branch","line":10,"loc":{"start":{"line":10,"column":21},"end":{"line":23,"column":2}},"locations":[{"start":{"line":10,"column":21},"end":{"line":23,"column":2}}]},"3":{"type":"branch","line":14,"loc":{"start":{"line":14,"column":32},"end":{"line":22,"column":3}},"locations":[{"start":{"line":14,"column":32},"end":{"line":22,"column":3}}]},"4":{"type":"branch","line":15,"loc":{"start":{"line":15,"column":13},"end":{"line":22,"column":3}},"locations":[{"start":{"line":15,"column":13},"end":{"line":22,"column":3}}]},"5":{"type":"branch","line":26,"loc":{"start":{"line":26,"column":25},"end":{"line":33,"column":2}},"locations":[{"start":{"line":26,"column":25},"end":{"line":33,"column":2}}]},"6":{"type":"branch","line":27,"loc":{"start":{"line":27,"column":9},"end":{"line":32,"column":3}},"locations":[{"start":{"line":27,"column":9},"end":{"line":32,"column":3}}]},"7":{"type":"branch","line":28,"loc":{"start":{"line":28,"column":17},"end":{"line":28,"column":51}},"locations":[{"start":{"line":28,"column":17},"end":{"line":28,"column":51}}]},"8":{"type":"branch","line":28,"loc":{"start":{"line":28,"column":53},"end":{"line":30,"column":5}},"locations":[{"start":{"line":28,"column":53},"end":{"line":30,"column":5}}]},"9":{"type":"branch","line":30,"loc":{"start":{"line":30,"column":4},"end":{"line":32,"column":3}},"locations":[{"start":{"line":30,"column":4},"end":{"line":32,"column":3}}]}},"b":{"0":[4],"1":[3],"2":[2],"3":[2],"4":[1],"5":[3],"6":[3],"7":[2],"8":[2],"9":[1]},"fnMap":{"0":{"name":"Object.<anonymous>.exports.authenticateToken","decl":{"start":{"line":6,"column":28},"end":{"line":23,"column":2}},"loc":{"start":{"line":6,"column":28},"end":{"line":23,"column":2}},"line":6},"1":{"name":"Object.<anonymous>.exports.authorizeRole","decl":{"start":{"line":26,"column":25},"end":{"line":33,"column":2}},"loc":{"start":{"line":26,"column":25},"end":{"line":33,"column":2}},"line":26}},"f":{"0":4,"1":3}}
,"C:\\Users\\Robert Silva\\Documents\\EUERN v1\\Gest-o-de-est-gio\\backend\\src\\middlewares\\upload.middleware.js": {"path":"C:\\Users\\Robert Silva\\Documents\\EUERN v1\\Gest-o-de-est-gio\\backend\\src\\middlewares\\upload.middleware.js","all":false,"statementMap":{"0":{"start":{"line":1,"column":0},"end":{"line":1,"column":77}},"1":{"start":{"line":2,"column":0},"end":{"line":2,"column":0}},"2":{"start":{"line":3,"column":0},"end":{"line":3,"column":33}},"3":{"start":{"line":4,"column":0},"end":{"line":4,"column":29}},"4":{"start":{"line":5,"column":0},"end":{"line":5,"column":25}},"5":{"start":{"line":6,"column":0},"end":{"line":6,"column":0}},"6":{"start":{"line":7,"column":0},"end":{"line":7,"column":31}},"7":{"start":{"line":8,"column":0},"end":{"line":8,"column":60}},"8":{"start":{"line":9,"column":0},"end":{"line":9,"column":0}},"9":{"start":{"line":10,"column":0},"end":{"line":10,"column":36}},"10":{"start":{"line":11,"column":0},"end":{"line":11,"column":53}},"11":{"start":{"line":12,"column":0},"end":{"line":12,"column":5}},"12":{"start":{"line":13,"column":0},"end":{"line":13,"column":0}},"13":{"start":{"line":14,"column":0},"end":{"line":14,"column":40}},"14":{"start":{"line":15,"column":0},"end":{"line":15,"column":47}},"15":{"start":{"line":16,"column":0},"end":{"line":16,"column":32}},"16":{"start":{"line":17,"column":0},"end":{"line":17,"column":10}},"17":{"start":{"line":18,"column":0},"end":{"line":18,"column":44}},"18":{"start":{"line":19,"column":0},"end":{"line":19,"column":94}},"19":{"start":{"line":20,"column":0},"end":{"line":20,"column":85}},"20":{"start":{"line":21,"column":0},"end":{"line":21,"column":61}},"21":{"start":{"line":22,"column":0},"end":{"line":22,"column":10}},"22":{"start":{"line":23,"column":0},"end":{"line":23,"column":7}},"23":{"start":{"line":24,"column":0},"end":{"line":24,"column":0}},"24":{"start":{"line":25,"column":0},"end":{"line":25,"column":43}},"25":{"start":{"line":26,"column":0},"end":{"line":26,"column":23}},"26":{"start":{"line":27,"column":0},"end":{"line":27,"column":6}},"27":{"start":{"line":28,"column":0},"end":{"line":28,"column":0}},"28":{"start":{"line":29,"column":0},"end":{"line":29,"column":27}},"29":{"start":{"line":30,"column":0},"end":{"line":30,"column":25}},"30":{"start":{"line":31,"column":0},"end":{"line":31,"column":31}},"31":{"start":{"line":32,"column":0},"end":{"line":32,"column":17}},"32":{"start":{"line":33,"column":0},"end":{"line":33,"column":39}},"33":{"start":{"line":34,"column":0},"end":{"line":34,"column":10}},"34":{"start":{"line":35,"column":0},"end":{"line":35,"column":7}},"35":{"start":{"line":36,"column":0},"end":{"line":36,"column":0}},"36":{"start":{"line":37,"column":0},"end":{"line":37,"column":18}},"37":{"start":{"line":38,"column":0},"end":{"line":38,"column":2}},"38":{"start":{"line":39,"column":0},"end":{"line":39,"column":0}},"39":{"start":{"line":40,"column":0},"end":{"line":40,"column":65}},"40":{"start":{"line":41,"column":0},"end":{"line":41,"column":83}},"41":{"start":{"line":42,"column":0},"end":{"line":42,"column":60}},"42":{"start":{"line":43,"column":0},"end":{"line":43,"column":56}}},"s":{"0":1,"1":1,"2":1,"3":1,"4":1,"5":1,"6":1,"7":4,"8":4,"9":4,"10":0,"11":0,"12":4,"13":4,"14":4,"15":1,"16":4,"17":4,"18":1,"19":1,"20":1,"21":1,"22":4,"23":4,"24":4,"25":0,"26":4,"27":4,"28":4,"29":4,"30":4,"31":4,"32":4,"33":4,"34":4,"35":4,"36":4,"37":4,"38":1,"39":1,"40":1,"41":1,"42":1},"branchMap":{"0":{"type":"branch","line":7,"loc":{"start":{"line":7,"column":24},"end":{"line":38,"column":2}},"locations":[{"start":{"line":7,"column":24},"end":{"line":38,"column":2}}]},"1":{"type":"branch","line":10,"loc":{"start":{"line":10,"column":35},"end":{"line":12,"column":5}},"locations":[{"start":{"line":10,"column":35},"end":{"line":12,"column":5}}]},"2":{"type":"branch","line":15,"loc":{"start":{"line":15,"column":21},"end":{"line":17,"column":9}},"locations":[{"start":{"line":15,"column":21},"end":{"line":17,"column":9}}]},"3":{"type":"branch","line":18,"loc":{"start":{"line":18,"column":18},"end":{"line":22,"column":10}},"locations":[{"start":{"line":18,"column":18},"end":{"line":22,"column":10}}]},"4":{"type":"branch","line":20,"loc":{"start":{"line":20,"column":65},"end":{"line":20,"column":83}},"locations":[{"start":{"line":20,"column":65},"end":{"line":20,"column":83}}]}},"b":{"0":[4],"1":[0],"2":[1],"3":[1],"4":[0]},"fnMap":{"0":{"name":"configureUpload","decl":{"start":{"line":7,"column":24},"end":{"line":38,"column":2}},"loc":{"start":{"line":7,"column":24},"end":{"line":38,"column":2}},"line":7},"1":{"name":"destination","decl":{"start":{"line":15,"column":21},"end":{"line":17,"column":9}},"loc":{"start":{"line":15,"column":21},"end":{"line":17,"column":9}},"line":15},"2":{"name":"filename","decl":{"start":{"line":18,"column":18},"end":{"line":22,"column":10}},"loc":{"start":{"line":18,"column":18},"end":{"line":22,"column":10}},"line":18},"3":{"name":"fileFilter","decl":{"start":{"line":25,"column":23},"end":{"line":27,"column":5}},"loc":{"start":{"line":25,"column":23},"end":{"line":27,"column":5}},"line":25}},"f":{"0":4,"1":1,"2":1,"3":0}}
}
