TN:
SF:src\controllers\auth.controller.js
FN:9,Object.<anonymous>.exports.registerAluno
FN:93,Object.<anonymous>.exports.login
FNF:2
FNH:2
FNDA:6,Object.<anonymous>.exports.registerAluno
FNDA:4,Object.<anonymous>.exports.login
DA:1,1
DA:2,1
DA:3,1
DA:4,1
DA:5,1
DA:6,1
DA:7,1
DA:8,1
DA:9,1
DA:10,6
DA:11,6
DA:12,6
DA:13,6
DA:14,6
DA:15,6
DA:16,6
DA:17,6
DA:18,6
DA:19,6
DA:20,6
DA:21,6
DA:22,6
DA:23,6
DA:24,6
DA:25,1
DA:26,1
DA:27,5
DA:28,6
DA:29,1
DA:30,1
DA:31,4
DA:32,4
DA:33,4
DA:34,4
DA:35,4
DA:36,4
DA:37,4
DA:38,6
DA:39,1
DA:40,1
DA:41,3
DA:42,3
DA:43,3
DA:44,3
DA:45,3
DA:46,3
DA:47,6
DA:48,1
DA:49,1
DA:50,2
DA:51,2
DA:52,2
DA:53,2
DA:54,2
DA:55,2
DA:56,2
DA:57,2
DA:58,2
DA:59,2
DA:60,2
DA:61,2
DA:62,2
DA:63,2
DA:64,2
DA:65,2
DA:66,2
DA:67,2
DA:68,2
DA:69,2
DA:70,2
DA:71,2
DA:72,2
DA:73,2
DA:74,2
DA:75,2
DA:76,2
DA:77,2
DA:78,2
DA:79,2
DA:80,1
DA:81,1
DA:82,1
DA:83,1
DA:84,1
DA:85,1
DA:86,1
DA:87,1
DA:88,1
DA:89,1
DA:90,6
DA:91,1
DA:92,1
DA:93,1
DA:94,4
DA:95,4
DA:96,4
DA:97,0
DA:98,0
DA:99,4
DA:100,4
DA:101,4
DA:102,4
DA:103,4
DA:104,4
DA:105,4
DA:106,4
DA:107,4
DA:108,4
DA:109,4
DA:110,4
DA:111,4
DA:112,4
DA:113,4
DA:114,4
DA:115,4
DA:116,4
DA:117,4
DA:118,4
DA:119,4
DA:120,1
DA:121,1
DA:122,3
DA:123,3
DA:124,3
DA:125,4
DA:126,1
DA:127,1
DA:128,2
DA:129,2
DA:130,2
DA:131,2
DA:132,2
DA:133,2
DA:134,2
DA:135,2
DA:136,2
DA:137,2
DA:138,2
DA:139,2
DA:140,2
DA:141,2
DA:142,1
DA:143,1
DA:144,1
DA:145,1
DA:146,1
DA:147,1
DA:148,1
DA:149,1
DA:150,1
DA:151,1
DA:152,1
DA:153,2
DA:154,2
DA:155,2
DA:156,2
DA:157,2
DA:158,2
DA:159,2
DA:160,2
DA:161,2
DA:162,2
DA:163,2
DA:164,2
DA:165,2
DA:166,2
DA:167,2
DA:168,4
DA:169,0
DA:170,0
DA:171,0
DA:172,4
LF:172
LH:167
BRDA:9,0,0,6
BRDA:24,1,0,5
BRDA:24,2,0,5
BRDA:24,3,0,5
BRDA:24,4,0,5
BRDA:24,5,0,1
BRDA:26,6,0,5
BRDA:28,7,0,1
BRDA:30,8,0,4
BRDA:38,9,0,1
BRDA:40,10,0,3
BRDA:47,11,0,1
BRDA:49,12,0,2
BRDA:79,13,0,1
BRDA:93,14,0,4
BRDA:96,15,0,0
BRDA:119,16,0,1
BRDA:121,17,0,3
BRDA:125,18,0,1
BRDA:127,19,0,2
BRDA:168,20,0,0
BRDA:140,21,0,2
BRDA:141,22,0,1
BRDA:153,23,0,0
BRF:24
BRH:21
end_of_record
TN:
SF:src\controllers\candidatura.controller.js
FN:4,Object.<anonymous>.exports.createCandidatura
FN:83,Object.<anonymous>.exports.getMinhasCandidaturas
FN:103,Object.<anonymous>.exports.getMinhaCandidaturaPorVaga
FN:137,Object.<anonymous>.exports.updateCandidaturaStatus
FNF:4
FNH:4
FNDA:7,Object.<anonymous>.exports.createCandidatura
FNDA:1,Object.<anonymous>.exports.getMinhasCandidaturas
FNDA:2,Object.<anonymous>.exports.getMinhaCandidaturaPorVaga
FNDA:3,Object.<anonymous>.exports.updateCandidaturaStatus
DA:1,1
DA:2,1
DA:3,1
DA:4,1
DA:5,7
DA:6,7
DA:7,7
DA:8,7
DA:9,1
DA:10,1
DA:11,6
DA:12,6
DA:13,6
DA:14,6
DA:15,6
DA:16,6
DA:17,7
DA:18,1
DA:19,1
DA:20,5
DA:21,5
DA:22,7
DA:23,1
DA:24,1
DA:25,7
DA:26,1
DA:27,1
DA:28,3
DA:29,3
DA:30,3
DA:31,3
DA:32,3
DA:33,3
DA:34,3
DA:35,3
DA:36,3
DA:37,3
DA:38,7
DA:39,1
DA:40,1
DA:41,2
DA:42,2
DA:43,2
DA:44,2
DA:45,2
DA:46,2
DA:47,2
DA:48,2
DA:49,7
DA:50,1
DA:51,1
DA:52,1
DA:53,1
DA:54,1
DA:55,1
DA:56,1
DA:57,1
DA:58,1
DA:59,1
DA:60,1
DA:61,1
DA:62,1
DA:63,1
DA:64,1
DA:65,1
DA:66,1
DA:67,7
DA:68,0
DA:69,0
DA:70,0
DA:71,0
DA:72,0
DA:73,0
DA:74,0
DA:75,0
DA:76,0
DA:77,0
DA:78,0
DA:79,0
DA:80,0
DA:81,7
DA:82,1
DA:83,1
DA:84,1
DA:85,1
DA:86,1
DA:87,1
DA:88,1
DA:89,1
DA:90,1
DA:91,1
DA:92,1
DA:93,1
DA:94,1
DA:95,1
DA:96,1
DA:97,1
DA:98,0
DA:99,0
DA:100,0
DA:101,1
DA:102,1
DA:103,1
DA:104,2
DA:105,2
DA:106,2
DA:107,2
DA:108,0
DA:109,0
DA:110,2
DA:111,2
DA:112,2
DA:113,2
DA:114,2
DA:115,2
DA:116,2
DA:117,2
DA:118,2
DA:119,2
DA:120,2
DA:121,2
DA:122,2
DA:123,2
DA:124,2
DA:125,1
DA:126,1
DA:127,1
DA:128,2
DA:129,0
DA:130,0
DA:131,0
DA:132,0
DA:133,0
DA:134,0
DA:135,2
DA:136,1
DA:137,1
DA:138,3
DA:139,3
DA:140,3
DA:141,3
DA:142,1
DA:143,1
DA:144,2
DA:145,2
DA:146,2
DA:147,2
DA:148,2
DA:149,3
DA:150,1
DA:151,1
DA:152,1
DA:153,1
DA:154,1
DA:155,1
DA:156,1
DA:157,1
DA:158,1
DA:159,1
DA:160,1
DA:161,1
DA:162,3
DA:163,0
DA:164,0
DA:165,0
DA:166,0
DA:167,0
DA:168,0
DA:169,3
LF:169
LH:139
BRDA:4,0,0,7
BRDA:8,1,0,1
BRDA:10,2,0,6
BRDA:17,3,0,1
BRDA:19,4,0,5
BRDA:22,5,0,1
BRDA:24,6,0,4
BRDA:25,7,0,1
BRDA:27,8,0,3
BRDA:38,9,0,1
BRDA:40,10,0,2
BRDA:49,11,0,1
BRDA:67,12,0,0
BRDA:83,13,0,1
BRDA:97,14,0,0
BRDA:103,15,0,2
BRDA:107,16,0,0
BRDA:124,17,0,1
BRDA:128,18,0,0
BRDA:137,19,0,3
BRDA:141,20,0,1
BRDA:143,21,0,2
BRDA:149,22,0,1
BRDA:162,23,0,0
BRF:24
BRH:19
end_of_record
TN:
SF:src\controllers\documento.controller.js
FN:10,Object.<anonymous>.exports.uploadDocumento
FN:80,Object.<anonymous>.exports.getMeusDocumentos
FN:98,Object.<anonymous>.exports.deleteDocumento
FN:138,Object.<anonymous>.exports.downloadDocumento
FNF:4
FNH:3
FNDA:4,Object.<anonymous>.exports.uploadDocumento
FNDA:0,Object.<anonymous>.exports.getMeusDocumentos
FNDA:2,Object.<anonymous>.exports.deleteDocumento
FNDA:3,Object.<anonymous>.exports.downloadDocumento
DA:1,1
DA:2,1
DA:3,1
DA:4,1
DA:5,1
DA:6,1
DA:7,1
DA:8,1
DA:9,1
DA:10,1
DA:11,4
DA:12,4
DA:13,4
DA:14,4
DA:15,1
DA:16,1
DA:17,3
DA:18,4
DA:19,1
DA:20,1
DA:21,1
DA:22,1
DA:23,2
DA:24,2
DA:25,2
DA:26,2
DA:27,2
DA:28,2
DA:29,2
DA:30,2
DA:31,2
DA:32,2
DA:33,2
DA:34,4
DA:35,1
DA:36,1
DA:37,1
DA:38,1
DA:39,1
DA:40,1
DA:41,0
DA:42,0
DA:43,0
DA:44,1
DA:45,1
DA:46,1
DA:47,1
DA:48,1
DA:49,1
DA:50,1
DA:51,1
DA:52,1
DA:53,1
DA:54,1
DA:55,1
DA:56,1
DA:57,1
DA:58,1
DA:59,1
DA:60,1
DA:61,1
DA:62,1
DA:63,1
DA:64,1
DA:65,1
DA:66,1
DA:67,1
DA:68,1
DA:69,1
DA:70,4
DA:71,4
DA:72,0
DA:73,0
DA:74,0
DA:75,0
DA:76,0
DA:77,4
DA:78,1
DA:79,1
DA:80,1
DA:81,0
DA:82,0
DA:83,0
DA:84,0
DA:85,0
DA:86,0
DA:87,0
DA:88,0
DA:89,0
DA:90,0
DA:91,0
DA:92,0
DA:93,0
DA:94,0
DA:95,0
DA:96,1
DA:97,1
DA:98,1
DA:99,2
DA:100,2
DA:101,2
DA:102,2
DA:103,2
DA:104,2
DA:105,2
DA:106,2
DA:107,2
DA:108,2
DA:109,1
DA:110,1
DA:111,1
DA:112,1
DA:113,1
DA:114,1
DA:115,1
DA:116,1
DA:117,1
DA:118,0
DA:119,0
DA:120,0
DA:121,0
DA:122,1
DA:123,1
DA:124,1
DA:125,1
DA:126,1
DA:127,1
DA:128,1
DA:129,1
DA:130,1
DA:131,2
DA:132,0
DA:133,0
DA:134,0
DA:135,2
DA:136,1
DA:137,1
DA:138,1
DA:139,3
DA:140,3
DA:141,3
DA:142,3
DA:143,3
DA:144,3
DA:145,3
DA:146,3
DA:147,3
DA:148,3
DA:149,0
DA:150,0
DA:151,3
DA:152,3
DA:153,3
DA:154,1
DA:155,1
DA:156,2
DA:157,2
DA:158,2
DA:159,2
DA:160,2
DA:161,2
DA:162,2
DA:163,2
DA:164,3
DA:165,0
DA:166,0
DA:167,0
DA:168,3
DA:169,3
DA:170,0
DA:171,0
DA:172,0
DA:173,3
LF:173
LH:135
BRDA:10,0,0,4
BRDA:14,1,0,1
BRDA:16,2,0,3
BRDA:18,3,0,1
BRDA:22,4,0,2
BRDA:34,5,0,1
BRDA:40,6,0,0
BRDA:71,7,0,0
BRDA:98,8,0,2
BRDA:108,9,0,1
BRDA:117,10,0,0
BRDA:131,11,0,0
BRDA:138,12,0,3
BRDA:148,13,0,0
BRDA:153,14,0,2
BRDA:153,15,0,1
BRDA:155,16,0,2
BRDA:164,17,0,0
BRDA:169,18,0,0
BRF:19
BRH:12
end_of_record
TN:
SF:src\controllers\notificacao.controller.js
FN:3,Object.<anonymous>.exports.sendNotificacao
FN:66,Object.<anonymous>.exports.getMinhasNotificacoes
FN:80,Object.<anonymous>.exports.markAsRead
FN:97,Object.<anonymous>.exports.listarNaoLidas
FN:114,Object.<anonymous>.exports.marcarTodasComoLidas
FN:130,Object.<anonymous>.exports.deleteNotificacao
FNF:6
FNH:4
FNDA:5,Object.<anonymous>.exports.sendNotificacao
FNDA:1,Object.<anonymous>.exports.getMinhasNotificacoes
FNDA:0,Object.<anonymous>.exports.markAsRead
FNDA:1,Object.<anonymous>.exports.listarNaoLidas
FNDA:0,Object.<anonymous>.exports.marcarTodasComoLidas
FNDA:2,Object.<anonymous>.exports.deleteNotificacao
DA:1,1
DA:2,1
DA:3,1
DA:4,5
DA:5,5
DA:6,5
DA:7,5
DA:8,1
DA:9,1
DA:10,4
DA:11,4
DA:12,4
DA:13,4
DA:14,4
DA:15,5
DA:16,1
DA:17,1
DA:18,1
DA:19,5
DA:20,1
DA:21,0
DA:22,0
DA:23,1
DA:24,1
DA:25,1
DA:26,1
DA:27,1
DA:28,1
DA:29,5
DA:30,2
DA:31,0
DA:32,0
DA:33,2
DA:34,2
DA:35,1
DA:36,1
DA:37,1
DA:38,1
DA:39,5
DA:40,0
DA:41,5
DA:42,3
DA:43,5
DA:44,0
DA:45,0
DA:46,3
DA:47,3
DA:48,6
DA:49,6
DA:50,6
DA:51,6
DA:52,3
DA:53,3
DA:54,3
DA:55,3
DA:56,3
DA:57,3
DA:58,3
DA:59,3
DA:60,5
DA:61,0
DA:62,0
DA:63,0
DA:64,5
DA:65,1
DA:66,1
DA:67,1
DA:68,1
DA:69,1
DA:70,1
DA:71,1
DA:72,1
DA:73,1
DA:74,1
DA:75,1
DA:76,0
DA:77,0
DA:78,1
DA:79,1
DA:80,1
DA:81,0
DA:82,0
DA:83,0
DA:84,0
DA:85,0
DA:86,0
DA:87,0
DA:88,0
DA:89,0
DA:90,0
DA:91,0
DA:92,0
DA:93,0
DA:94,0
DA:95,0
DA:96,1
DA:97,1
DA:98,1
DA:99,1
DA:100,1
DA:101,1
DA:102,1
DA:103,1
DA:104,1
DA:105,1
DA:106,1
DA:107,1
DA:108,1
DA:109,1
DA:110,0
DA:111,0
DA:112,1
DA:113,1
DA:114,1
DA:115,0
DA:116,0
DA:117,0
DA:118,0
DA:119,0
DA:120,0
DA:121,0
DA:122,0
DA:123,0
DA:124,0
DA:125,0
DA:126,0
DA:127,0
DA:128,0
DA:129,1
DA:130,1
DA:131,2
DA:132,2
DA:133,2
DA:134,2
DA:135,2
DA:136,2
DA:137,2
DA:138,2
DA:139,2
DA:140,2
DA:141,2
DA:142,2
DA:143,1
DA:144,1
DA:145,1
DA:146,1
DA:147,2
DA:148,0
DA:149,0
DA:150,0
DA:151,2
LF:151
LH:105
BRDA:3,0,0,5
BRDA:7,1,0,4
BRDA:7,2,0,1
BRDA:9,3,0,4
BRDA:15,4,0,1
BRDA:19,5,0,1
BRDA:20,6,0,0
BRDA:29,7,0,2
BRDA:30,8,0,0
BRDA:34,9,0,1
BRDA:39,10,0,0
BRDA:41,11,0,3
BRDA:43,12,0,0
BRDA:45,13,0,3
BRDA:60,14,0,0
BRDA:17,15,0,3
BRDA:27,16,0,2
BRDA:47,17,0,6
BRDA:66,18,0,1
BRDA:75,19,0,0
BRDA:97,20,0,1
BRDA:109,21,0,0
BRDA:130,22,0,2
BRDA:142,23,0,1
BRDA:147,24,0,0
BRF:25
BRH:17
end_of_record
TN:
SF:src\controllers\user.controller.js
FN:14,formatUserData
FN:37,Object.<anonymous>.exports.getUserProfile
FN:64,Object.<anonymous>.exports.updateUserProfile
FN:143,Object.<anonymous>.exports.updateUserConfiguracoes
FN:185,Object.<anonymous>.exports.getAllAlunos
FN:203,Object.<anonymous>.exports.getAlunoById
FNF:6
FNH:4
FNDA:5,formatUserData
FNDA:0,Object.<anonymous>.exports.getUserProfile
FNDA:5,Object.<anonymous>.exports.updateUserProfile
FNDA:0,Object.<anonymous>.exports.updateUserConfiguracoes
FNDA:1,Object.<anonymous>.exports.getAllAlunos
FNDA:2,Object.<anonymous>.exports.getAlunoById
DA:1,1
DA:2,1
DA:3,1
DA:4,1
DA:5,1
DA:6,1
DA:7,1
DA:8,1
DA:9,1
DA:10,1
DA:11,1
DA:12,1
DA:13,1
DA:14,1
DA:15,5
DA:16,5
DA:17,5
DA:18,5
DA:19,5
DA:20,5
DA:21,5
DA:22,5
DA:23,5
DA:24,5
DA:25,5
DA:26,5
DA:27,5
DA:28,5
DA:29,0
DA:30,5
DA:31,5
DA:32,5
DA:33,5
DA:34,5
DA:35,1
DA:36,1
DA:37,1
DA:38,0
DA:39,0
DA:40,0
DA:41,0
DA:42,0
DA:43,0
DA:44,0
DA:45,0
DA:46,0
DA:47,0
DA:48,0
DA:49,0
DA:50,0
DA:51,0
DA:52,0
DA:53,0
DA:54,0
DA:55,0
DA:56,0
DA:57,0
DA:58,0
DA:59,0
DA:60,0
DA:61,0
DA:62,1
DA:63,1
DA:64,1
DA:65,5
DA:66,5
DA:67,5
DA:68,5
DA:69,5
DA:70,5
DA:71,5
DA:72,5
DA:73,5
DA:74,0
DA:75,0
DA:76,5
DA:77,5
DA:78,5
DA:79,5
DA:80,5
DA:81,5
DA:82,5
DA:83,5
DA:84,5
DA:85,5
DA:86,5
DA:87,5
DA:88,5
DA:89,5
DA:90,5
DA:91,0
DA:92,0
DA:93,0
DA:94,0
DA:95,0
DA:96,0
DA:97,5
DA:98,5
DA:99,3
DA:100,3
DA:101,3
DA:102,2
DA:103,3
DA:104,1
DA:105,1
DA:106,1
DA:107,3
DA:108,5
DA:109,1
DA:110,1
DA:111,2
DA:112,2
DA:113,2
DA:114,2
DA:115,2
DA:116,2
DA:117,2
DA:118,2
DA:119,2
DA:120,2
DA:121,2
DA:122,2
DA:123,2
DA:124,2
DA:125,2
DA:126,2
DA:127,5
DA:128,0
DA:129,0
DA:130,0
DA:131,0
DA:132,0
DA:133,0
DA:134,0
DA:135,0
DA:136,0
DA:137,0
DA:138,0
DA:139,0
DA:140,5
DA:141,1
DA:142,1
DA:143,1
DA:144,0
DA:145,0
DA:146,0
DA:147,0
DA:148,0
DA:149,0
DA:150,0
DA:151,0
DA:152,0
DA:153,0
DA:154,0
DA:155,0
DA:156,0
DA:157,0
DA:158,0
DA:159,0
DA:160,0
DA:161,0
DA:162,0
DA:163,0
DA:164,0
DA:165,0
DA:166,0
DA:167,0
DA:168,0
DA:169,0
DA:170,0
DA:171,0
DA:172,0
DA:173,0
DA:174,0
DA:175,0
DA:176,0
DA:177,0
DA:178,0
DA:179,0
DA:180,0
DA:181,0
DA:182,0
DA:183,1
DA:184,1
DA:185,1
DA:186,1
DA:187,1
DA:188,1
DA:189,1
DA:190,1
DA:191,1
DA:192,1
DA:193,1
DA:194,1
DA:195,1
DA:196,1
DA:197,0
DA:198,0
DA:199,0
DA:200,1
DA:201,1
DA:202,1
DA:203,1
DA:204,2
DA:205,2
DA:206,2
DA:207,2
DA:208,2
DA:209,2
DA:210,2
DA:211,2
DA:212,2
DA:213,2
DA:214,2
DA:215,2
DA:216,2
DA:217,2
DA:218,1
DA:219,1
DA:220,1
DA:221,2
DA:222,0
DA:223,0
DA:224,0
DA:225,0
DA:226,0
DA:227,0
DA:228,2
LF:228
LH:135
BRDA:14,0,0,5
BRDA:15,1,0,0
BRDA:20,2,0,0
BRDA:20,3,0,0
BRDA:29,4,0,0
BRDA:64,5,0,5
BRDA:73,6,0,0
BRDA:78,7,0,1
BRDA:79,8,0,0
BRDA:80,9,0,0
BRDA:81,10,0,0
BRDA:84,11,0,0
BRDA:85,12,0,1
BRDA:86,13,0,0
BRDA:87,14,0,0
BRDA:90,15,0,0
BRDA:90,16,0,0
BRDA:98,17,0,3
BRDA:99,18,0,0
BRDA:100,19,0,0
BRDA:101,20,0,1
BRDA:101,21,0,2
BRDA:103,22,0,1
BRDA:108,23,0,1
BRDA:110,24,0,2
BRDA:127,25,0,0
BRDA:185,26,0,1
BRDA:196,27,0,0
BRDA:195,28,0,2
BRDA:203,29,0,2
BRDA:217,30,0,1
BRDA:221,31,0,0
BRF:32
BRH:14
end_of_record
TN:
SF:src\controllers\vaga.controller.js
FN:7,Object.<anonymous>.exports.createVaga
FN:53,Object.<anonymous>.exports.getAllVagas
FN:76,Object.<anonymous>.exports.getMinhasVagasTecnico
FN:103,Object.<anonymous>.exports.getVagaById
FN:126,Object.<anonymous>.exports.updateVaga
FN:170,Object.<anonymous>.exports.deleteVaga
FN:186,Object.<anonymous>.exports.getVagaCandidaturas
FNF:7
FNH:7
FNDA:2,Object.<anonymous>.exports.createVaga
FNDA:1,Object.<anonymous>.exports.getAllVagas
FNDA:1,Object.<anonymous>.exports.getMinhasVagasTecnico
FNDA:2,Object.<anonymous>.exports.getVagaById
FNDA:2,Object.<anonymous>.exports.updateVaga
FNDA:2,Object.<anonymous>.exports.deleteVaga
FNDA:2,Object.<anonymous>.exports.getVagaCandidaturas
DA:1,1
DA:2,1
DA:3,1
DA:4,1
DA:5,1
DA:6,1
DA:7,1
DA:8,2
DA:9,2
DA:10,2
DA:11,2
DA:12,2
DA:13,2
DA:14,2
DA:15,2
DA:16,1
DA:17,1
DA:18,1
DA:19,1
DA:20,1
DA:21,1
DA:22,1
DA:23,1
DA:24,2
DA:25,2
DA:26,2
DA:27,2
DA:28,2
DA:29,2
DA:30,2
DA:31,2
DA:32,2
DA:33,2
DA:34,2
DA:35,2
DA:36,1
DA:37,2
DA:38,0
DA:39,0
DA:40,0
DA:41,0
DA:42,0
DA:43,0
DA:44,0
DA:45,0
DA:46,0
DA:47,0
DA:48,0
DA:49,0
DA:50,2
DA:51,1
DA:52,1
DA:53,1
DA:54,1
DA:55,1
DA:56,1
DA:57,1
DA:58,1
DA:59,1
DA:60,1
DA:61,1
DA:62,1
DA:63,1
DA:64,1
DA:65,1
DA:66,1
DA:67,1
DA:68,1
DA:69,1
DA:70,0
DA:71,0
DA:72,0
DA:73,1
DA:74,1
DA:75,1
DA:76,1
DA:77,1
DA:78,1
DA:79,1
DA:80,1
DA:81,1
DA:82,1
DA:83,1
DA:84,1
DA:85,1
DA:86,1
DA:87,1
DA:88,1
DA:89,1
DA:90,1
DA:91,1
DA:92,1
DA:93,1
DA:94,1
DA:95,1
DA:96,1
DA:97,0
DA:98,0
DA:99,0
DA:100,1
DA:101,1
DA:102,1
DA:103,1
DA:104,2
DA:105,2
DA:106,2
DA:107,2
DA:108,2
DA:109,2
DA:110,2
DA:111,2
DA:112,2
DA:113,1
DA:114,1
DA:115,1
DA:116,2
DA:117,0
DA:118,0
DA:119,0
DA:120,0
DA:121,0
DA:122,0
DA:123,2
DA:124,1
DA:125,1
DA:126,1
DA:127,2
DA:128,2
DA:129,2
DA:130,2
DA:131,2
DA:132,2
DA:133,2
DA:134,2
DA:135,2
DA:136,2
DA:137,2
DA:138,2
DA:139,2
DA:140,2
DA:141,2
DA:142,2
DA:143,2
DA:144,2
DA:145,2
DA:146,2
DA:147,2
DA:148,2
DA:149,2
DA:150,0
DA:151,0
DA:152,2
DA:153,2
DA:154,2
DA:155,2
DA:156,1
DA:157,1
DA:158,1
DA:159,1
DA:160,1
DA:161,1
DA:162,0
DA:163,0
DA:164,0
DA:165,0
DA:166,0
DA:167,2
DA:168,1
DA:169,1
DA:170,1
DA:171,2
DA:172,2
DA:173,2
DA:174,2
DA:175,1
DA:176,1
DA:177,1
DA:178,1
DA:179,1
DA:180,1
DA:181,0
DA:182,0
DA:183,2
DA:184,1
DA:185,1
DA:186,1
DA:187,2
DA:188,2
DA:189,2
DA:190,2
DA:191,1
DA:192,1
DA:193,1
DA:194,1
DA:195,1
DA:196,1
DA:197,1
DA:198,1
DA:199,1
DA:200,1
DA:201,2
DA:202,0
DA:203,0
DA:204,0
DA:205,2
LF:205
LH:169
BRDA:7,0,0,2
BRDA:15,1,0,1
BRDA:15,2,0,1
BRDA:15,3,0,1
BRDA:15,4,0,1
BRDA:15,5,0,1
BRDA:24,6,0,0
BRDA:25,7,0,0
BRDA:25,8,0,1
BRDA:26,9,0,0
BRDA:26,10,0,1
BRDA:27,11,0,1
BRDA:27,12,0,1
BRDA:29,13,0,0
BRDA:29,14,0,1
BRDA:30,15,0,1
BRDA:31,16,0,0
BRDA:31,17,0,1
BRDA:32,18,0,1
BRDA:32,19,0,1
BRDA:32,20,0,1
BRDA:35,21,0,1
BRDA:37,22,0,0
BRDA:53,23,0,1
BRDA:69,24,0,0
BRDA:76,25,0,1
BRDA:96,26,0,0
BRDA:103,27,0,2
BRDA:112,28,0,1
BRDA:116,29,0,0
BRDA:126,30,0,2
BRDA:138,31,0,0
BRDA:140,32,0,0
BRDA:141,33,0,0
BRDA:142,34,0,0
BRDA:144,35,0,0
BRDA:149,36,0,0
BRDA:155,37,0,1
BRDA:161,38,0,0
BRDA:147,39,0,32
BRDA:147,40,0,28
BRDA:170,41,0,2
BRDA:174,42,0,1
BRDA:180,43,0,0
BRDA:186,44,0,2
BRDA:190,45,0,1
BRDA:201,46,0,0
BRF:47
BRH:29
end_of_record
TN:
SF:src\middlewares\auth.middleware.js
FN:6,Object.<anonymous>.exports.authenticateToken
FN:26,Object.<anonymous>.exports.authorizeRole
FNF:2
FNH:2
FNDA:4,Object.<anonymous>.exports.authenticateToken
FNDA:3,Object.<anonymous>.exports.authorizeRole
DA:1,1
DA:2,1
DA:3,1
DA:4,1
DA:5,1
DA:6,1
DA:7,4
DA:8,4
DA:9,4
DA:10,4
DA:11,2
DA:12,2
DA:13,2
DA:14,2
DA:15,2
DA:16,1
DA:17,1
DA:18,1
DA:19,1
DA:20,1
DA:21,1
DA:22,2
DA:23,2
DA:24,1
DA:25,1
DA:26,1
DA:27,3
DA:28,3
DA:29,2
DA:30,2
DA:31,1
DA:32,3
DA:33,3
LF:33
LH:33
BRDA:6,0,0,4
BRDA:8,1,0,3
BRDA:10,2,0,2
BRDA:14,3,0,2
BRDA:15,4,0,1
BRDA:26,5,0,3
BRDA:27,6,0,3
BRDA:28,7,0,2
BRDA:28,8,0,2
BRDA:30,9,0,1
BRF:10
BRH:10
end_of_record
TN:
SF:src\middlewares\upload.middleware.js
FN:7,configureUpload
FN:15,destination
FN:18,filename
FN:25,fileFilter
FNF:4
FNH:3
FNDA:4,configureUpload
FNDA:1,destination
FNDA:1,filename
FNDA:0,fileFilter
DA:1,1
DA:2,1
DA:3,1
DA:4,1
DA:5,1
DA:6,1
DA:7,1
DA:8,4
DA:9,4
DA:10,4
DA:11,0
DA:12,0
DA:13,4
DA:14,4
DA:15,4
DA:16,1
DA:17,4
DA:18,4
DA:19,1
DA:20,1
DA:21,1
DA:22,1
DA:23,4
DA:24,4
DA:25,4
DA:26,0
DA:27,4
DA:28,4
DA:29,4
DA:30,4
DA:31,4
DA:32,4
DA:33,4
DA:34,4
DA:35,4
DA:36,4
DA:37,4
DA:38,4
DA:39,1
DA:40,1
DA:41,1
DA:42,1
DA:43,1
LF:43
LH:40
BRDA:7,0,0,4
BRDA:10,1,0,0
BRDA:15,2,0,1
BRDA:18,3,0,1
BRDA:20,4,0,0
BRF:5
BRH:3
end_of_record
